01-Jul-2025 10:59:18.225 INFO [main] org.apache.catalina.startup.VersionLoggerListener.log Server version name:   Apache Tomcat/10.1.42
01-Jul-2025 10:59:18.229 INFO [main] org.apache.catalina.startup.VersionLoggerListener.log Server built:          Jun 5 2025 22:35:46 UTC
01-Jul-2025 10:59:18.230 INFO [main] org.apache.catalina.startup.VersionLoggerListener.log Server version number: 10.1.42.0
01-Jul-2025 10:59:18.230 INFO [main] org.apache.catalina.startup.VersionLoggerListener.log OS Name:               Windows 10
01-Jul-2025 10:59:18.230 INFO [main] org.apache.catalina.startup.VersionLoggerListener.log OS Version:            10.0
01-Jul-2025 10:59:18.230 INFO [main] org.apache.catalina.startup.VersionLoggerListener.log Architecture:          amd64
01-Jul-2025 10:59:18.230 INFO [main] org.apache.catalina.startup.VersionLoggerListener.log Java Home:             C:\Users\Zago\AppData\Local\Programs\Eclipse Adoptium\jdk-23.0.2.7-hotspot
01-Jul-2025 10:59:18.230 INFO [main] org.apache.catalina.startup.VersionLoggerListener.log JVM Version:           23.0.2+7
01-Jul-2025 10:59:18.230 INFO [main] org.apache.catalina.startup.VersionLoggerListener.log JVM Vendor:            Eclipse Adoptium
01-Jul-2025 10:59:18.230 INFO [main] org.apache.catalina.startup.VersionLoggerListener.log CATALINA_BASE:         C:\Users\Zago\Documents\Github Projects\JakartaEE\apache-tomcat-10.1.42
01-Jul-2025 10:59:18.231 INFO [main] org.apache.catalina.startup.VersionLoggerListener.log CATALINA_HOME:         C:\Users\Zago\Documents\Github Projects\JakartaEE\apache-tomcat-10.1.42
01-Jul-2025 10:59:18.289 INFO [main] org.apache.catalina.startup.VersionLoggerListener.log Command line argument: -Djava.util.logging.config.file=C:\Users\Zago\Documents\Github Projects\JakartaEE\apache-tomcat-10.1.42\conf\logging.properties
01-Jul-2025 10:59:18.289 INFO [main] org.apache.catalina.startup.VersionLoggerListener.log Command line argument: -Djava.util.logging.manager=org.apache.juli.ClassLoaderLogManager
01-Jul-2025 10:59:18.289 INFO [main] org.apache.catalina.startup.VersionLoggerListener.log Command line argument: -Djdk.tls.ephemeralDHKeySize=2048
01-Jul-2025 10:59:18.289 INFO [main] org.apache.catalina.startup.VersionLoggerListener.log Command line argument: -Djava.protocol.handler.pkgs=org.apache.catalina.webresources
01-Jul-2025 10:59:18.289 INFO [main] org.apache.catalina.startup.VersionLoggerListener.log Command line argument: -Dsun.io.useCanonCaches=false
01-Jul-2025 10:59:18.289 INFO [main] org.apache.catalina.startup.VersionLoggerListener.log Command line argument: --add-opens=java.base/java.lang=ALL-UNNAMED
01-Jul-2025 10:59:18.290 INFO [main] org.apache.catalina.startup.VersionLoggerListener.log Command line argument: --add-opens=java.base/java.lang.reflect=ALL-UNNAMED
01-Jul-2025 10:59:18.290 INFO [main] org.apache.catalina.startup.VersionLoggerListener.log Command line argument: --add-opens=java.base/java.io=ALL-UNNAMED
01-Jul-2025 10:59:18.290 INFO [main] org.apache.catalina.startup.VersionLoggerListener.log Command line argument: --add-opens=java.base/java.util=ALL-UNNAMED
01-Jul-2025 10:59:18.291 INFO [main] org.apache.catalina.startup.VersionLoggerListener.log Command line argument: --add-opens=java.base/java.util.concurrent=ALL-UNNAMED
01-Jul-2025 10:59:18.291 INFO [main] org.apache.catalina.startup.VersionLoggerListener.log Command line argument: --add-opens=java.rmi/sun.rmi.transport=ALL-UNNAMED
01-Jul-2025 10:59:18.291 INFO [main] org.apache.catalina.startup.VersionLoggerListener.log Command line argument: -Dcatalina.base=C:\Users\Zago\Documents\Github Projects\JakartaEE\apache-tomcat-10.1.42
01-Jul-2025 10:59:18.291 INFO [main] org.apache.catalina.startup.VersionLoggerListener.log Command line argument: -Dcatalina.home=C:\Users\Zago\Documents\Github Projects\JakartaEE\apache-tomcat-10.1.42
01-Jul-2025 10:59:18.292 INFO [main] org.apache.catalina.startup.VersionLoggerListener.log Command line argument: -Djava.io.tmpdir=C:\Users\Zago\Documents\Github Projects\JakartaEE\apache-tomcat-10.1.42\temp
01-Jul-2025 10:59:18.294 INFO [main] org.apache.catalina.core.AprLifecycleListener.lifecycleEvent Loaded Apache Tomcat Native library [2.0.9] using APR version [1.7.6].
01-Jul-2025 10:59:18.298 INFO [main] org.apache.catalina.core.AprLifecycleListener.initializeSSL OpenSSL successfully initialized [OpenSSL 3.5.0 8 Apr 2025]
01-Jul-2025 10:59:18.668 INFO [main] org.apache.coyote.AbstractProtocol.init Initializing ProtocolHandler ["http-nio-8080"]
01-Jul-2025 10:59:18.700 INFO [main] org.apache.catalina.startup.Catalina.load Server initialization in [827] milliseconds
01-Jul-2025 10:59:18.741 INFO [main] org.apache.catalina.core.StandardService.startInternal Starting service [Catalina]
01-Jul-2025 10:59:18.742 INFO [main] org.apache.catalina.core.StandardEngine.startInternal Starting Servlet engine: [Apache Tomcat/10.1.42]
01-Jul-2025 10:59:18.750 INFO [main] org.apache.catalina.startup.HostConfig.deployDirectory Deploying web application directory [C:\Users\Zago\Documents\Github Projects\JakartaEE\apache-tomcat-10.1.42\webapps\docs]
01-Jul-2025 10:59:19.075 INFO [main] org.apache.catalina.startup.HostConfig.deployDirectory Deployment of web application directory [C:\Users\Zago\Documents\Github Projects\JakartaEE\apache-tomcat-10.1.42\webapps\docs] has finished in [325] ms
01-Jul-2025 10:59:19.076 INFO [main] org.apache.catalina.startup.HostConfig.deployDirectory Deploying web application directory [C:\Users\Zago\Documents\Github Projects\JakartaEE\apache-tomcat-10.1.42\webapps\examples]
01-Jul-2025 10:59:19.441 INFO [main] org.apache.catalina.startup.HostConfig.deployDirectory Deployment of web application directory [C:\Users\Zago\Documents\Github Projects\JakartaEE\apache-tomcat-10.1.42\webapps\examples] has finished in [366] ms
01-Jul-2025 10:59:19.441 INFO [main] org.apache.catalina.startup.HostConfig.deployDirectory Deploying web application directory [C:\Users\Zago\Documents\Github Projects\JakartaEE\apache-tomcat-10.1.42\webapps\host-manager]
01-Jul-2025 10:59:19.472 INFO [main] org.apache.catalina.startup.HostConfig.deployDirectory Deployment of web application directory [C:\Users\Zago\Documents\Github Projects\JakartaEE\apache-tomcat-10.1.42\webapps\host-manager] has finished in [31] ms
01-Jul-2025 10:59:19.472 INFO [main] org.apache.catalina.startup.HostConfig.deployDirectory Deploying web application directory [C:\Users\Zago\Documents\Github Projects\JakartaEE\apache-tomcat-10.1.42\webapps\manager]
01-Jul-2025 10:59:19.498 INFO [main] org.apache.catalina.startup.HostConfig.deployDirectory Deployment of web application directory [C:\Users\Zago\Documents\Github Projects\JakartaEE\apache-tomcat-10.1.42\webapps\manager] has finished in [25] ms
01-Jul-2025 10:59:19.498 INFO [main] org.apache.catalina.startup.HostConfig.deployDirectory Deploying web application directory [C:\Users\Zago\Documents\Github Projects\JakartaEE\apache-tomcat-10.1.42\webapps\ROOT]
01-Jul-2025 10:59:19.516 INFO [main] org.apache.catalina.startup.HostConfig.deployDirectory Deployment of web application directory [C:\Users\Zago\Documents\Github Projects\JakartaEE\apache-tomcat-10.1.42\webapps\ROOT] has finished in [18] ms
01-Jul-2025 10:59:19.519 INFO [main] org.apache.coyote.AbstractProtocol.start Starting ProtocolHandler ["http-nio-8080"]
01-Jul-2025 10:59:19.552 INFO [main] org.apache.catalina.startup.Catalina.start Server startup in [851] milliseconds
01-Jul-2025 11:00:02.744 INFO [http-nio-8080-exec-1] org.apache.catalina.startup.HostConfig.deployWAR Deploying web application archive [C:\Users\Zago\Documents\Github Projects\JakartaEE\apache-tomcat-10.1.42\webapps\webapp.war]
01-Jul-2025 11:00:02.799 INFO [http-nio-8080-exec-1] org.apache.catalina.startup.HostConfig.deployWAR Deployment of web application archive [C:\Users\Zago\Documents\Github Projects\JakartaEE\apache-tomcat-10.1.42\webapps\webapp.war] has finished in [54] ms
01-Jul-2025 11:04:43.379 INFO [http-nio-8080-exec-7] org.apache.catalina.startup.HostConfig.undeploy Undeploying context [/webapp]
01-Jul-2025 11:04:43.406 INFO [http-nio-8080-exec-7] org.apache.catalina.startup.HostConfig.deployWAR Deploying web application archive [C:\Users\Zago\Documents\Github Projects\JakartaEE\apache-tomcat-10.1.42\webapps\webapp.war]
01-Jul-2025 11:04:43.441 INFO [http-nio-8080-exec-7] org.apache.catalina.startup.HostConfig.deployWAR Deployment of web application archive [C:\Users\Zago\Documents\Github Projects\JakartaEE\apache-tomcat-10.1.42\webapps\webapp.war] has finished in [36] ms
01-Jul-2025 11:04:55.155 INFO [http-nio-8080-exec-8] org.apache.catalina.startup.HostConfig.undeploy Undeploying context [/webapp]
01-Jul-2025 11:04:55.165 INFO [http-nio-8080-exec-8] org.apache.catalina.startup.HostConfig.deployWAR Deploying web application archive [C:\Users\Zago\Documents\Github Projects\JakartaEE\apache-tomcat-10.1.42\webapps\webapp.war]
01-Jul-2025 11:04:55.200 INFO [http-nio-8080-exec-8] org.apache.catalina.startup.HostConfig.deployWAR Deployment of web application archive [C:\Users\Zago\Documents\Github Projects\JakartaEE\apache-tomcat-10.1.42\webapps\webapp.war] has finished in [35] ms
01-Jul-2025 11:45:33.375 INFO [http-nio-8080-exec-15] org.apache.catalina.startup.HostConfig.undeploy Undeploying context [/webapp]
01-Jul-2025 11:45:33.383 INFO [http-nio-8080-exec-15] org.apache.catalina.startup.HostConfig.deployWAR Deploying web application archive [C:\Users\Zago\Documents\Github Projects\JakartaEE\apache-tomcat-10.1.42\webapps\webapp.war]
01-Jul-2025 11:45:33.419 INFO [http-nio-8080-exec-15] org.apache.catalina.startup.HostConfig.deployWAR Deployment of web application archive [C:\Users\Zago\Documents\Github Projects\JakartaEE\apache-tomcat-10.1.42\webapps\webapp.war] has finished in [36] ms
01-Jul-2025 11:46:37.417 INFO [http-nio-8080-exec-14] org.apache.catalina.startup.HostConfig.undeploy Undeploying context [/webapp]
01-Jul-2025 11:46:37.426 INFO [http-nio-8080-exec-14] org.apache.catalina.startup.HostConfig.deployWAR Deploying web application archive [C:\Users\Zago\Documents\Github Projects\JakartaEE\apache-tomcat-10.1.42\webapps\webapp.war]
01-Jul-2025 11:46:37.459 INFO [http-nio-8080-exec-14] org.apache.catalina.startup.HostConfig.deployWAR Deployment of web application archive [C:\Users\Zago\Documents\Github Projects\JakartaEE\apache-tomcat-10.1.42\webapps\webapp.war] has finished in [34] ms
01-Jul-2025 14:26:39.861 INFO [http-nio-8080-exec-31] org.apache.catalina.startup.HostConfig.deployWAR Deploying web application archive [C:\Users\Zago\Documents\Github Projects\JakartaEE\apache-tomcat-10.1.42\webapps\webappform.war]
01-Jul-2025 14:26:39.909 INFO [http-nio-8080-exec-31] org.apache.catalina.startup.HostConfig.deployWAR Deployment of web application archive [C:\Users\Zago\Documents\Github Projects\JakartaEE\apache-tomcat-10.1.42\webapps\webappform.war] has finished in [49] ms
01-Jul-2025 14:36:42.543 INFO [http-nio-8080-exec-30] org.apache.catalina.startup.HostConfig.undeploy Undeploying context [/webappform]
01-Jul-2025 14:36:42.555 INFO [http-nio-8080-exec-30] org.apache.catalina.startup.HostConfig.deployWAR Deploying web application archive [C:\Users\Zago\Documents\Github Projects\JakartaEE\apache-tomcat-10.1.42\webapps\webappform.war]
01-Jul-2025 14:36:42.599 INFO [http-nio-8080-exec-30] org.apache.catalina.startup.HostConfig.deployWAR Deployment of web application archive [C:\Users\Zago\Documents\Github Projects\JakartaEE\apache-tomcat-10.1.42\webapps\webappform.war] has finished in [44] ms
01-Jul-2025 14:37:10.641 INFO [http-nio-8080-exec-38] org.apache.catalina.startup.HostConfig.undeploy Undeploying context [/webappform]
01-Jul-2025 14:37:10.651 INFO [http-nio-8080-exec-38] org.apache.catalina.startup.HostConfig.deployWAR Deploying web application archive [C:\Users\Zago\Documents\Github Projects\JakartaEE\apache-tomcat-10.1.42\webapps\webappform.war]
01-Jul-2025 14:37:10.695 INFO [http-nio-8080-exec-38] org.apache.catalina.startup.HostConfig.deployWAR Deployment of web application archive [C:\Users\Zago\Documents\Github Projects\JakartaEE\apache-tomcat-10.1.42\webapps\webappform.war] has finished in [44] ms
01-Jul-2025 14:38:09.922 INFO [http-nio-8080-exec-40] org.apache.catalina.startup.HostConfig.undeploy Undeploying context [/webappform]
01-Jul-2025 14:38:09.931 INFO [http-nio-8080-exec-40] org.apache.catalina.startup.HostConfig.deployWAR Deploying web application archive [C:\Users\Zago\Documents\Github Projects\JakartaEE\apache-tomcat-10.1.42\webapps\webappform.war]
01-Jul-2025 14:38:09.967 INFO [http-nio-8080-exec-40] org.apache.catalina.startup.HostConfig.deployWAR Deployment of web application archive [C:\Users\Zago\Documents\Github Projects\JakartaEE\apache-tomcat-10.1.42\webapps\webappform.war] has finished in [35] ms
01-Jul-2025 14:38:50.518 INFO [http-nio-8080-exec-29] org.apache.catalina.startup.HostConfig.undeploy Undeploying context [/webappform]
01-Jul-2025 14:38:50.527 INFO [http-nio-8080-exec-29] org.apache.catalina.startup.HostConfig.deployWAR Deploying web application archive [C:\Users\Zago\Documents\Github Projects\JakartaEE\apache-tomcat-10.1.42\webapps\webappform.war]
01-Jul-2025 14:38:50.574 INFO [http-nio-8080-exec-29] org.apache.catalina.startup.HostConfig.deployWAR Deployment of web application archive [C:\Users\Zago\Documents\Github Projects\JakartaEE\apache-tomcat-10.1.42\webapps\webappform.war] has finished in [47] ms
01-Jul-2025 14:40:04.246 INFO [http-nio-8080-exec-48] org.apache.catalina.startup.HostConfig.undeploy Undeploying context [/webappform]
01-Jul-2025 14:40:04.254 INFO [http-nio-8080-exec-48] org.apache.catalina.startup.HostConfig.deployWAR Deploying web application archive [C:\Users\Zago\Documents\Github Projects\JakartaEE\apache-tomcat-10.1.42\webapps\webappform.war]
01-Jul-2025 14:40:04.294 INFO [http-nio-8080-exec-48] org.apache.catalina.startup.HostConfig.deployWAR Deployment of web application archive [C:\Users\Zago\Documents\Github Projects\JakartaEE\apache-tomcat-10.1.42\webapps\webappform.war] has finished in [40] ms
01-Jul-2025 15:04:51.409 INFO [http-nio-8080-exec-56] org.apache.catalina.startup.HostConfig.undeploy Undeploying context [/webappform]
01-Jul-2025 15:04:51.417 INFO [http-nio-8080-exec-56] org.apache.catalina.startup.HostConfig.deployWAR Deploying web application archive [C:\Users\Zago\Documents\Github Projects\JakartaEE\apache-tomcat-10.1.42\webapps\webappform.war]
01-Jul-2025 15:04:51.458 INFO [http-nio-8080-exec-56] org.apache.catalina.startup.HostConfig.deployWAR Deployment of web application archive [C:\Users\Zago\Documents\Github Projects\JakartaEE\apache-tomcat-10.1.42\webapps\webappform.war] has finished in [41] ms
01-Jul-2025 15:11:34.752 INFO [http-nio-8080-exec-66] org.apache.catalina.startup.HostConfig.undeploy Undeploying context [/webappform]
01-Jul-2025 15:11:34.761 INFO [http-nio-8080-exec-66] org.apache.catalina.startup.HostConfig.deployWAR Deploying web application archive [C:\Users\Zago\Documents\Github Projects\JakartaEE\apache-tomcat-10.1.42\webapps\webappform.war]
01-Jul-2025 15:11:34.801 INFO [http-nio-8080-exec-66] org.apache.catalina.startup.HostConfig.deployWAR Deployment of web application archive [C:\Users\Zago\Documents\Github Projects\JakartaEE\apache-tomcat-10.1.42\webapps\webappform.war] has finished in [40] ms
01-Jul-2025 15:14:28.907 INFO [http-nio-8080-exec-76] org.apache.catalina.startup.HostConfig.undeploy Undeploying context [/webappform]
01-Jul-2025 15:14:28.915 INFO [http-nio-8080-exec-76] org.apache.catalina.startup.HostConfig.deployWAR Deploying web application archive [C:\Users\Zago\Documents\Github Projects\JakartaEE\apache-tomcat-10.1.42\webapps\webappform.war]
01-Jul-2025 15:14:28.956 INFO [http-nio-8080-exec-76] org.apache.catalina.startup.HostConfig.deployWAR Deployment of web application archive [C:\Users\Zago\Documents\Github Projects\JakartaEE\apache-tomcat-10.1.42\webapps\webappform.war] has finished in [41] ms
01-Jul-2025 15:28:39.477 INFO [Thread-1] org.apache.coyote.AbstractProtocol.pause Pausing ProtocolHandler ["http-nio-8080"]
01-Jul-2025 15:28:39.482 INFO [Thread-1] org.apache.catalina.core.StandardService.stopInternal Stopping service [Catalina]
01-Jul-2025 15:28:39.494 INFO [Thread-1] org.apache.coyote.AbstractProtocol.stop Stopping ProtocolHandler ["http-nio-8080"]
01-Jul-2025 15:28:39.513 INFO [Thread-1] org.apache.coyote.AbstractProtocol.destroy Destroying ProtocolHandler ["http-nio-8080"]
01-Jul-2025 19:08:55.142 INFO [main] org.apache.catalina.startup.VersionLoggerListener.log Server version name:   Apache Tomcat/10.1.42
01-Jul-2025 19:08:55.164 INFO [main] org.apache.catalina.startup.VersionLoggerListener.log Server built:          Jun 5 2025 22:35:46 UTC
01-Jul-2025 19:08:55.164 INFO [main] org.apache.catalina.startup.VersionLoggerListener.log Server version number: 10.1.42.0
01-Jul-2025 19:08:55.164 INFO [main] org.apache.catalina.startup.VersionLoggerListener.log OS Name:               Windows 10
01-Jul-2025 19:08:55.164 INFO [main] org.apache.catalina.startup.VersionLoggerListener.log OS Version:            10.0
01-Jul-2025 19:08:55.164 INFO [main] org.apache.catalina.startup.VersionLoggerListener.log Architecture:          amd64
01-Jul-2025 19:08:55.164 INFO [main] org.apache.catalina.startup.VersionLoggerListener.log Java Home:             C:\Users\Zago\AppData\Local\Programs\Eclipse Adoptium\jdk-23.0.2.7-hotspot
01-Jul-2025 19:08:55.165 INFO [main] org.apache.catalina.startup.VersionLoggerListener.log JVM Version:           23.0.2+7
01-Jul-2025 19:08:55.165 INFO [main] org.apache.catalina.startup.VersionLoggerListener.log JVM Vendor:            Eclipse Adoptium
01-Jul-2025 19:08:55.165 INFO [main] org.apache.catalina.startup.VersionLoggerListener.log CATALINA_BASE:         C:\Users\Zago\Documents\Github Projects\JakartaEE\apache-tomcat-10.1.42
01-Jul-2025 19:08:55.165 INFO [main] org.apache.catalina.startup.VersionLoggerListener.log CATALINA_HOME:         C:\Users\Zago\Documents\Github Projects\JakartaEE\apache-tomcat-10.1.42
01-Jul-2025 19:08:55.243 INFO [main] org.apache.catalina.startup.VersionLoggerListener.log Command line argument: -Djava.util.logging.config.file=C:\Users\Zago\Documents\Github Projects\JakartaEE\apache-tomcat-10.1.42\conf\logging.properties
01-Jul-2025 19:08:55.243 INFO [main] org.apache.catalina.startup.VersionLoggerListener.log Command line argument: -Djava.util.logging.manager=org.apache.juli.ClassLoaderLogManager
01-Jul-2025 19:08:55.243 INFO [main] org.apache.catalina.startup.VersionLoggerListener.log Command line argument: -Djdk.tls.ephemeralDHKeySize=2048
01-Jul-2025 19:08:55.243 INFO [main] org.apache.catalina.startup.VersionLoggerListener.log Command line argument: -Djava.protocol.handler.pkgs=org.apache.catalina.webresources
01-Jul-2025 19:08:55.243 INFO [main] org.apache.catalina.startup.VersionLoggerListener.log Command line argument: -Dsun.io.useCanonCaches=false
01-Jul-2025 19:08:55.243 INFO [main] org.apache.catalina.startup.VersionLoggerListener.log Command line argument: --add-opens=java.base/java.lang=ALL-UNNAMED
01-Jul-2025 19:08:55.243 INFO [main] org.apache.catalina.startup.VersionLoggerListener.log Command line argument: --add-opens=java.base/java.lang.reflect=ALL-UNNAMED
01-Jul-2025 19:08:55.244 INFO [main] org.apache.catalina.startup.VersionLoggerListener.log Command line argument: --add-opens=java.base/java.io=ALL-UNNAMED
01-Jul-2025 19:08:55.244 INFO [main] org.apache.catalina.startup.VersionLoggerListener.log Command line argument: --add-opens=java.base/java.util=ALL-UNNAMED
01-Jul-2025 19:08:55.244 INFO [main] org.apache.catalina.startup.VersionLoggerListener.log Command line argument: --add-opens=java.base/java.util.concurrent=ALL-UNNAMED
01-Jul-2025 19:08:55.244 INFO [main] org.apache.catalina.startup.VersionLoggerListener.log Command line argument: --add-opens=java.rmi/sun.rmi.transport=ALL-UNNAMED
01-Jul-2025 19:08:55.244 INFO [main] org.apache.catalina.startup.VersionLoggerListener.log Command line argument: -Dcatalina.base=C:\Users\Zago\Documents\Github Projects\JakartaEE\apache-tomcat-10.1.42
01-Jul-2025 19:08:55.244 INFO [main] org.apache.catalina.startup.VersionLoggerListener.log Command line argument: -Dcatalina.home=C:\Users\Zago\Documents\Github Projects\JakartaEE\apache-tomcat-10.1.42
01-Jul-2025 19:08:55.244 INFO [main] org.apache.catalina.startup.VersionLoggerListener.log Command line argument: -Djava.io.tmpdir=C:\Users\Zago\Documents\Github Projects\JakartaEE\apache-tomcat-10.1.42\temp
01-Jul-2025 19:08:55.249 INFO [main] org.apache.catalina.core.AprLifecycleListener.lifecycleEvent Loaded Apache Tomcat Native library [2.0.9] using APR version [1.7.6].
01-Jul-2025 19:08:55.263 INFO [main] org.apache.catalina.core.AprLifecycleListener.initializeSSL OpenSSL successfully initialized [OpenSSL 3.5.0 8 Apr 2025]
01-Jul-2025 19:08:55.850 INFO [main] org.apache.coyote.AbstractProtocol.init Initializing ProtocolHandler ["http-nio-8080"]
01-Jul-2025 19:08:55.881 INFO [main] org.apache.catalina.startup.Catalina.load Server initialization in [1245] milliseconds
01-Jul-2025 19:08:55.951 INFO [main] org.apache.catalina.core.StandardService.startInternal Starting service [Catalina]
01-Jul-2025 19:08:55.951 INFO [main] org.apache.catalina.core.StandardEngine.startInternal Starting Servlet engine: [Apache Tomcat/10.1.42]
01-Jul-2025 19:08:55.968 INFO [main] org.apache.catalina.startup.HostConfig.deployWAR Deploying web application archive [C:\Users\Zago\Documents\Github Projects\JakartaEE\apache-tomcat-10.1.42\webapps\webapp.war]
01-Jul-2025 19:08:56.534 INFO [main] org.apache.catalina.startup.HostConfig.deployWAR Deployment of web application archive [C:\Users\Zago\Documents\Github Projects\JakartaEE\apache-tomcat-10.1.42\webapps\webapp.war] has finished in [564] ms
01-Jul-2025 19:08:56.536 INFO [main] org.apache.catalina.startup.HostConfig.deployWAR Deploying web application archive [C:\Users\Zago\Documents\Github Projects\JakartaEE\apache-tomcat-10.1.42\webapps\webappform.war]
01-Jul-2025 19:08:56.571 INFO [main] org.apache.catalina.startup.HostConfig.deployWAR Deployment of web application archive [C:\Users\Zago\Documents\Github Projects\JakartaEE\apache-tomcat-10.1.42\webapps\webappform.war] has finished in [36] ms
01-Jul-2025 19:08:56.572 INFO [main] org.apache.catalina.startup.HostConfig.deployDirectory Deploying web application directory [C:\Users\Zago\Documents\Github Projects\JakartaEE\apache-tomcat-10.1.42\webapps\docs]
01-Jul-2025 19:08:56.602 INFO [main] org.apache.catalina.startup.HostConfig.deployDirectory Deployment of web application directory [C:\Users\Zago\Documents\Github Projects\JakartaEE\apache-tomcat-10.1.42\webapps\docs] has finished in [29] ms
01-Jul-2025 19:08:56.602 INFO [main] org.apache.catalina.startup.HostConfig.deployDirectory Deploying web application directory [C:\Users\Zago\Documents\Github Projects\JakartaEE\apache-tomcat-10.1.42\webapps\examples]
01-Jul-2025 19:08:57.012 INFO [main] org.apache.catalina.startup.HostConfig.deployDirectory Deployment of web application directory [C:\Users\Zago\Documents\Github Projects\JakartaEE\apache-tomcat-10.1.42\webapps\examples] has finished in [410] ms
01-Jul-2025 19:08:57.012 INFO [main] org.apache.catalina.startup.HostConfig.deployDirectory Deploying web application directory [C:\Users\Zago\Documents\Github Projects\JakartaEE\apache-tomcat-10.1.42\webapps\host-manager]
01-Jul-2025 19:08:57.051 INFO [main] org.apache.catalina.startup.HostConfig.deployDirectory Deployment of web application directory [C:\Users\Zago\Documents\Github Projects\JakartaEE\apache-tomcat-10.1.42\webapps\host-manager] has finished in [39] ms
01-Jul-2025 19:08:57.052 INFO [main] org.apache.catalina.startup.HostConfig.deployDirectory Deploying web application directory [C:\Users\Zago\Documents\Github Projects\JakartaEE\apache-tomcat-10.1.42\webapps\manager]
01-Jul-2025 19:08:57.078 INFO [main] org.apache.catalina.startup.HostConfig.deployDirectory Deployment of web application directory [C:\Users\Zago\Documents\Github Projects\JakartaEE\apache-tomcat-10.1.42\webapps\manager] has finished in [26] ms
01-Jul-2025 19:08:57.078 INFO [main] org.apache.catalina.startup.HostConfig.deployDirectory Deploying web application directory [C:\Users\Zago\Documents\Github Projects\JakartaEE\apache-tomcat-10.1.42\webapps\ROOT]
01-Jul-2025 19:08:57.097 INFO [main] org.apache.catalina.startup.HostConfig.deployDirectory Deployment of web application directory [C:\Users\Zago\Documents\Github Projects\JakartaEE\apache-tomcat-10.1.42\webapps\ROOT] has finished in [19] ms
01-Jul-2025 19:08:57.100 INFO [main] org.apache.coyote.AbstractProtocol.start Starting ProtocolHandler ["http-nio-8080"]
01-Jul-2025 19:08:57.141 INFO [main] org.apache.catalina.startup.Catalina.start Server startup in [1258] milliseconds
01-Jul-2025 19:13:52.777 INFO [http-nio-8080-exec-6] org.apache.catalina.startup.HostConfig.undeploy Undeploying context [/webappform]
01-Jul-2025 19:13:52.808 INFO [http-nio-8080-exec-6] org.apache.catalina.startup.HostConfig.deployWAR Deploying web application archive [C:\Users\Zago\Documents\Github Projects\JakartaEE\apache-tomcat-10.1.42\webapps\webappform.war]
01-Jul-2025 19:13:52.848 INFO [http-nio-8080-exec-6] org.apache.catalina.startup.HostConfig.deployWAR Deployment of web application archive [C:\Users\Zago\Documents\Github Projects\JakartaEE\apache-tomcat-10.1.42\webapps\webappform.war] has finished in [40] ms
01-Jul-2025 19:22:02.280 INFO [http-nio-8080-exec-11] org.apache.catalina.startup.HostConfig.undeploy Undeploying context [/webappform]
01-Jul-2025 19:22:02.290 INFO [http-nio-8080-exec-11] org.apache.catalina.startup.HostConfig.deployWAR Deploying web application archive [C:\Users\Zago\Documents\Github Projects\JakartaEE\apache-tomcat-10.1.42\webapps\webappform.war]
01-Jul-2025 19:22:02.338 INFO [http-nio-8080-exec-11] org.apache.catalina.startup.HostConfig.deployWAR Deployment of web application archive [C:\Users\Zago\Documents\Github Projects\JakartaEE\apache-tomcat-10.1.42\webapps\webappform.war] has finished in [47] ms
01-Jul-2025 19:22:47.343 INFO [http-nio-8080-exec-18] org.apache.catalina.startup.HostConfig.undeploy Undeploying context [/webappform]
01-Jul-2025 19:22:47.352 INFO [http-nio-8080-exec-18] org.apache.catalina.startup.HostConfig.deployWAR Deploying web application archive [C:\Users\Zago\Documents\Github Projects\JakartaEE\apache-tomcat-10.1.42\webapps\webappform.war]
01-Jul-2025 19:22:47.386 INFO [http-nio-8080-exec-18] org.apache.catalina.startup.HostConfig.deployWAR Deployment of web application archive [C:\Users\Zago\Documents\Github Projects\JakartaEE\apache-tomcat-10.1.42\webapps\webappform.war] has finished in [34] ms
01-Jul-2025 19:23:08.499 INFO [http-nio-8080-exec-22] org.apache.catalina.startup.HostConfig.undeploy Undeploying context [/webappform]
01-Jul-2025 19:23:08.508 INFO [http-nio-8080-exec-22] org.apache.catalina.startup.HostConfig.deployWAR Deploying web application archive [C:\Users\Zago\Documents\Github Projects\JakartaEE\apache-tomcat-10.1.42\webapps\webappform.war]
01-Jul-2025 19:23:08.549 INFO [http-nio-8080-exec-22] org.apache.catalina.startup.HostConfig.deployWAR Deployment of web application archive [C:\Users\Zago\Documents\Github Projects\JakartaEE\apache-tomcat-10.1.42\webapps\webappform.war] has finished in [41] ms
01-Jul-2025 19:24:13.822 INFO [http-nio-8080-exec-30] org.apache.catalina.startup.HostConfig.undeploy Undeploying context [/webappform]
01-Jul-2025 19:24:13.830 INFO [http-nio-8080-exec-30] org.apache.catalina.startup.HostConfig.deployWAR Deploying web application archive [C:\Users\Zago\Documents\Github Projects\JakartaEE\apache-tomcat-10.1.42\webapps\webappform.war]
01-Jul-2025 19:24:13.866 INFO [http-nio-8080-exec-30] org.apache.catalina.startup.HostConfig.deployWAR Deployment of web application archive [C:\Users\Zago\Documents\Github Projects\JakartaEE\apache-tomcat-10.1.42\webapps\webappform.war] has finished in [36] ms
01-Jul-2025 19:52:03.169 INFO [http-nio-8080-exec-38] org.apache.catalina.startup.HostConfig.undeploy Undeploying context [/webappform]
01-Jul-2025 19:52:03.181 INFO [http-nio-8080-exec-38] org.apache.catalina.startup.HostConfig.deployWAR Deploying web application archive [C:\Users\Zago\Documents\Github Projects\JakartaEE\apache-tomcat-10.1.42\webapps\webappform.war]
01-Jul-2025 19:52:03.218 INFO [http-nio-8080-exec-38] org.apache.catalina.startup.HostConfig.deployWAR Deployment of web application archive [C:\Users\Zago\Documents\Github Projects\JakartaEE\apache-tomcat-10.1.42\webapps\webappform.war] has finished in [37] ms
01-Jul-2025 19:53:00.360 INFO [http-nio-8080-exec-35] org.apache.catalina.startup.HostConfig.undeploy Undeploying context [/webappform]
01-Jul-2025 19:53:00.370 INFO [http-nio-8080-exec-35] org.apache.catalina.startup.HostConfig.deployWAR Deploying web application archive [C:\Users\Zago\Documents\Github Projects\JakartaEE\apache-tomcat-10.1.42\webapps\webappform.war]
01-Jul-2025 19:53:00.413 INFO [http-nio-8080-exec-35] org.apache.catalina.startup.HostConfig.deployWAR Deployment of web application archive [C:\Users\Zago\Documents\Github Projects\JakartaEE\apache-tomcat-10.1.42\webapps\webappform.war] has finished in [43] ms
01-Jul-2025 19:54:33.809 INFO [http-nio-8080-exec-48] org.apache.catalina.startup.HostConfig.undeploy Undeploying context [/webappform]
01-Jul-2025 19:54:33.819 INFO [http-nio-8080-exec-48] org.apache.catalina.startup.HostConfig.deployWAR Deploying web application archive [C:\Users\Zago\Documents\Github Projects\JakartaEE\apache-tomcat-10.1.42\webapps\webappform.war]
01-Jul-2025 19:54:33.854 INFO [http-nio-8080-exec-48] org.apache.catalina.startup.HostConfig.deployWAR Deployment of web application archive [C:\Users\Zago\Documents\Github Projects\JakartaEE\apache-tomcat-10.1.42\webapps\webappform.war] has finished in [35] ms
01-Jul-2025 19:55:22.842 INFO [http-nio-8080-exec-51] org.apache.catalina.startup.HostConfig.undeploy Undeploying context [/webappform]
01-Jul-2025 19:55:22.851 INFO [http-nio-8080-exec-51] org.apache.catalina.startup.HostConfig.deployWAR Deploying web application archive [C:\Users\Zago\Documents\Github Projects\JakartaEE\apache-tomcat-10.1.42\webapps\webappform.war]
01-Jul-2025 19:55:22.885 INFO [http-nio-8080-exec-51] org.apache.catalina.startup.HostConfig.deployWAR Deployment of web application archive [C:\Users\Zago\Documents\Github Projects\JakartaEE\apache-tomcat-10.1.42\webapps\webappform.war] has finished in [34] ms
01-Jul-2025 19:56:45.588 INFO [http-nio-8080-exec-59] org.apache.catalina.startup.HostConfig.undeploy Undeploying context [/webappform]
01-Jul-2025 19:56:45.598 INFO [http-nio-8080-exec-59] org.apache.catalina.startup.HostConfig.deployWAR Deploying web application archive [C:\Users\Zago\Documents\Github Projects\JakartaEE\apache-tomcat-10.1.42\webapps\webappform.war]
01-Jul-2025 19:56:45.634 INFO [http-nio-8080-exec-59] org.apache.catalina.startup.HostConfig.deployWAR Deployment of web application archive [C:\Users\Zago\Documents\Github Projects\JakartaEE\apache-tomcat-10.1.42\webapps\webappform.war] has finished in [35] ms
01-Jul-2025 19:58:28.448 INFO [http-nio-8080-exec-64] org.apache.catalina.startup.HostConfig.undeploy Undeploying context [/webappform]
01-Jul-2025 19:58:28.459 INFO [http-nio-8080-exec-64] org.apache.catalina.startup.HostConfig.deployWAR Deploying web application archive [C:\Users\Zago\Documents\Github Projects\JakartaEE\apache-tomcat-10.1.42\webapps\webappform.war]
01-Jul-2025 19:58:28.496 INFO [http-nio-8080-exec-64] org.apache.catalina.startup.HostConfig.deployWAR Deployment of web application archive [C:\Users\Zago\Documents\Github Projects\JakartaEE\apache-tomcat-10.1.42\webapps\webappform.war] has finished in [37] ms
