02-Jul-2025 06:44:20.275 INFO [main] org.apache.catalina.startup.VersionLoggerListener.log Server version name:   Apache Tomcat/10.1.42
02-Jul-2025 06:44:20.280 INFO [main] org.apache.catalina.startup.VersionLoggerListener.log Server built:          Jun 5 2025 22:35:46 UTC
02-Jul-2025 06:44:20.280 INFO [main] org.apache.catalina.startup.VersionLoggerListener.log Server version number: 10.1.42.0
02-Jul-2025 06:44:20.281 INFO [main] org.apache.catalina.startup.VersionLoggerListener.log OS Name:               Windows 10
02-Jul-2025 06:44:20.281 INFO [main] org.apache.catalina.startup.VersionLoggerListener.log OS Version:            10.0
02-Jul-2025 06:44:20.281 INFO [main] org.apache.catalina.startup.VersionLoggerListener.log Architecture:          amd64
02-Jul-2025 06:44:20.281 INFO [main] org.apache.catalina.startup.VersionLoggerListener.log Java Home:             C:\Users\Zago\AppData\Local\Programs\Eclipse Adoptium\jdk-23.0.2.7-hotspot
02-Jul-2025 06:44:20.281 INFO [main] org.apache.catalina.startup.VersionLoggerListener.log JVM Version:           23.0.2+7
02-Jul-2025 06:44:20.281 INFO [main] org.apache.catalina.startup.VersionLoggerListener.log JVM Vendor:            Eclipse Adoptium
02-Jul-2025 06:44:20.281 INFO [main] org.apache.catalina.startup.VersionLoggerListener.log CATALINA_BASE:         C:\Users\Zago\Documents\Github Projects\JakartaEE\apache-tomcat-10.1.42
02-Jul-2025 06:44:20.281 INFO [main] org.apache.catalina.startup.VersionLoggerListener.log CATALINA_HOME:         C:\Users\Zago\Documents\Github Projects\JakartaEE\apache-tomcat-10.1.42
02-Jul-2025 06:44:20.312 INFO [main] org.apache.catalina.startup.VersionLoggerListener.log Command line argument: -Djava.util.logging.config.file=C:\Users\Zago\Documents\Github Projects\JakartaEE\apache-tomcat-10.1.42\conf\logging.properties
02-Jul-2025 06:44:20.312 INFO [main] org.apache.catalina.startup.VersionLoggerListener.log Command line argument: -Djava.util.logging.manager=org.apache.juli.ClassLoaderLogManager
02-Jul-2025 06:44:20.312 INFO [main] org.apache.catalina.startup.VersionLoggerListener.log Command line argument: -Djdk.tls.ephemeralDHKeySize=2048
02-Jul-2025 06:44:20.312 INFO [main] org.apache.catalina.startup.VersionLoggerListener.log Command line argument: -Djava.protocol.handler.pkgs=org.apache.catalina.webresources
02-Jul-2025 06:44:20.312 INFO [main] org.apache.catalina.startup.VersionLoggerListener.log Command line argument: -Dsun.io.useCanonCaches=false
02-Jul-2025 06:44:20.312 INFO [main] org.apache.catalina.startup.VersionLoggerListener.log Command line argument: --add-opens=java.base/java.lang=ALL-UNNAMED
02-Jul-2025 06:44:20.313 INFO [main] org.apache.catalina.startup.VersionLoggerListener.log Command line argument: --add-opens=java.base/java.lang.reflect=ALL-UNNAMED
02-Jul-2025 06:44:20.313 INFO [main] org.apache.catalina.startup.VersionLoggerListener.log Command line argument: --add-opens=java.base/java.io=ALL-UNNAMED
02-Jul-2025 06:44:20.313 INFO [main] org.apache.catalina.startup.VersionLoggerListener.log Command line argument: --add-opens=java.base/java.util=ALL-UNNAMED
02-Jul-2025 06:44:20.313 INFO [main] org.apache.catalina.startup.VersionLoggerListener.log Command line argument: --add-opens=java.base/java.util.concurrent=ALL-UNNAMED
02-Jul-2025 06:44:20.314 INFO [main] org.apache.catalina.startup.VersionLoggerListener.log Command line argument: --add-opens=java.rmi/sun.rmi.transport=ALL-UNNAMED
02-Jul-2025 06:44:20.314 INFO [main] org.apache.catalina.startup.VersionLoggerListener.log Command line argument: -Dcatalina.base=C:\Users\Zago\Documents\Github Projects\JakartaEE\apache-tomcat-10.1.42
02-Jul-2025 06:44:20.314 INFO [main] org.apache.catalina.startup.VersionLoggerListener.log Command line argument: -Dcatalina.home=C:\Users\Zago\Documents\Github Projects\JakartaEE\apache-tomcat-10.1.42
02-Jul-2025 06:44:20.315 INFO [main] org.apache.catalina.startup.VersionLoggerListener.log Command line argument: -Djava.io.tmpdir=C:\Users\Zago\Documents\Github Projects\JakartaEE\apache-tomcat-10.1.42\temp
02-Jul-2025 06:44:20.320 INFO [main] org.apache.catalina.core.AprLifecycleListener.lifecycleEvent Loaded Apache Tomcat Native library [2.0.9] using APR version [1.7.6].
02-Jul-2025 06:44:20.320 INFO [main] org.apache.catalina.core.AprLifecycleListener.initializeSSL OpenSSL successfully initialized [OpenSSL 3.5.0 8 Apr 2025]
02-Jul-2025 06:44:20.667 INFO [main] org.apache.coyote.AbstractProtocol.init Initializing ProtocolHandler ["http-nio-8080"]
02-Jul-2025 06:44:20.702 INFO [main] org.apache.catalina.startup.Catalina.load Server initialization in [705] milliseconds
02-Jul-2025 06:44:20.769 INFO [main] org.apache.catalina.core.StandardService.startInternal Starting service [Catalina]
02-Jul-2025 06:44:20.769 INFO [main] org.apache.catalina.core.StandardEngine.startInternal Starting Servlet engine: [Apache Tomcat/10.1.42]
02-Jul-2025 06:44:20.771 INFO [main] org.apache.catalina.startup.HostConfig.deployWAR Deploying web application archive [C:\Users\Zago\Documents\Github Projects\JakartaEE\apache-tomcat-10.1.42\webapps\webapp.war]
02-Jul-2025 06:44:21.111 INFO [main] org.apache.catalina.startup.HostConfig.deployWAR Deployment of web application archive [C:\Users\Zago\Documents\Github Projects\JakartaEE\apache-tomcat-10.1.42\webapps\webapp.war] has finished in [339] ms
02-Jul-2025 06:44:21.111 INFO [main] org.apache.catalina.startup.HostConfig.deployWAR Deploying web application archive [C:\Users\Zago\Documents\Github Projects\JakartaEE\apache-tomcat-10.1.42\webapps\webappform.war]
02-Jul-2025 06:44:21.143 INFO [main] org.apache.catalina.startup.HostConfig.deployWAR Deployment of web application archive [C:\Users\Zago\Documents\Github Projects\JakartaEE\apache-tomcat-10.1.42\webapps\webappform.war] has finished in [32] ms
02-Jul-2025 06:44:21.144 INFO [main] org.apache.catalina.startup.HostConfig.deployDirectory Deploying web application directory [C:\Users\Zago\Documents\Github Projects\JakartaEE\apache-tomcat-10.1.42\webapps\docs]
02-Jul-2025 06:44:21.169 INFO [main] org.apache.catalina.startup.HostConfig.deployDirectory Deployment of web application directory [C:\Users\Zago\Documents\Github Projects\JakartaEE\apache-tomcat-10.1.42\webapps\docs] has finished in [25] ms
02-Jul-2025 06:44:21.169 INFO [main] org.apache.catalina.startup.HostConfig.deployDirectory Deploying web application directory [C:\Users\Zago\Documents\Github Projects\JakartaEE\apache-tomcat-10.1.42\webapps\examples]
02-Jul-2025 06:44:21.493 INFO [main] org.apache.catalina.startup.HostConfig.deployDirectory Deployment of web application directory [C:\Users\Zago\Documents\Github Projects\JakartaEE\apache-tomcat-10.1.42\webapps\examples] has finished in [324] ms
02-Jul-2025 06:44:21.493 INFO [main] org.apache.catalina.startup.HostConfig.deployDirectory Deploying web application directory [C:\Users\Zago\Documents\Github Projects\JakartaEE\apache-tomcat-10.1.42\webapps\host-manager]
02-Jul-2025 06:44:21.528 INFO [main] org.apache.catalina.startup.HostConfig.deployDirectory Deployment of web application directory [C:\Users\Zago\Documents\Github Projects\JakartaEE\apache-tomcat-10.1.42\webapps\host-manager] has finished in [35] ms
02-Jul-2025 06:44:21.528 INFO [main] org.apache.catalina.startup.HostConfig.deployDirectory Deploying web application directory [C:\Users\Zago\Documents\Github Projects\JakartaEE\apache-tomcat-10.1.42\webapps\manager]
02-Jul-2025 06:44:21.561 INFO [main] org.apache.catalina.startup.HostConfig.deployDirectory Deployment of web application directory [C:\Users\Zago\Documents\Github Projects\JakartaEE\apache-tomcat-10.1.42\webapps\manager] has finished in [33] ms
02-Jul-2025 06:44:21.562 INFO [main] org.apache.catalina.startup.HostConfig.deployDirectory Deploying web application directory [C:\Users\Zago\Documents\Github Projects\JakartaEE\apache-tomcat-10.1.42\webapps\ROOT]
02-Jul-2025 06:44:21.578 INFO [main] org.apache.catalina.startup.HostConfig.deployDirectory Deployment of web application directory [C:\Users\Zago\Documents\Github Projects\JakartaEE\apache-tomcat-10.1.42\webapps\ROOT] has finished in [16] ms
02-Jul-2025 06:44:21.583 INFO [main] org.apache.coyote.AbstractProtocol.start Starting ProtocolHandler ["http-nio-8080"]
02-Jul-2025 06:44:21.598 INFO [main] org.apache.catalina.startup.Catalina.start Server startup in [896] milliseconds
02-Jul-2025 15:58:20.718 INFO [http-nio-8080-exec-4] org.apache.catalina.startup.HostConfig.deployWAR Deploying web application archive [C:\Users\Zago\Documents\Github Projects\JakartaEE\apache-tomcat-10.1.42\webapps\webappHeaders.war]
02-Jul-2025 15:58:20.784 INFO [http-nio-8080-exec-4] org.apache.catalina.startup.HostConfig.deployWAR Deployment of web application archive [C:\Users\Zago\Documents\Github Projects\JakartaEE\apache-tomcat-10.1.42\webapps\webappHeaders.war] has finished in [65] ms
02-Jul-2025 16:02:13.693 INFO [http-nio-8080-exec-8] org.apache.catalina.startup.HostConfig.undeploy Undeploying context [/webappHeaders]
02-Jul-2025 16:02:13.716 INFO [http-nio-8080-exec-8] org.apache.catalina.startup.HostConfig.deployWAR Deploying web application archive [C:\Users\Zago\Documents\Github Projects\JakartaEE\apache-tomcat-10.1.42\webapps\webappHeaders.war]
02-Jul-2025 16:02:13.758 INFO [http-nio-8080-exec-8] org.apache.catalina.startup.HostConfig.deployWAR Deployment of web application archive [C:\Users\Zago\Documents\Github Projects\JakartaEE\apache-tomcat-10.1.42\webapps\webappHeaders.war] has finished in [42] ms
02-Jul-2025 16:05:58.429 INFO [http-nio-8080-exec-13] org.apache.catalina.startup.HostConfig.undeploy Undeploying context [/webappHeaders]
02-Jul-2025 16:05:58.439 INFO [http-nio-8080-exec-13] org.apache.catalina.startup.HostConfig.deployWAR Deploying web application archive [C:\Users\Zago\Documents\Github Projects\JakartaEE\apache-tomcat-10.1.42\webapps\webappHeaders.war]
02-Jul-2025 16:05:58.478 INFO [http-nio-8080-exec-13] org.apache.catalina.startup.HostConfig.deployWAR Deployment of web application archive [C:\Users\Zago\Documents\Github Projects\JakartaEE\apache-tomcat-10.1.42\webapps\webappHeaders.war] has finished in [39] ms
02-Jul-2025 16:06:16.499 INFO [http-nio-8080-exec-11] org.apache.catalina.startup.HostConfig.undeploy Undeploying context [/webappHeaders]
02-Jul-2025 16:06:16.508 INFO [http-nio-8080-exec-11] org.apache.catalina.startup.HostConfig.deployWAR Deploying web application archive [C:\Users\Zago\Documents\Github Projects\JakartaEE\apache-tomcat-10.1.42\webapps\webappHeaders.war]
02-Jul-2025 16:06:16.547 INFO [http-nio-8080-exec-11] org.apache.catalina.startup.HostConfig.deployWAR Deployment of web application archive [C:\Users\Zago\Documents\Github Projects\JakartaEE\apache-tomcat-10.1.42\webapps\webappHeaders.war] has finished in [38] ms
02-Jul-2025 16:08:10.637 INFO [http-nio-8080-exec-19] org.apache.catalina.startup.HostConfig.undeploy Undeploying context [/webappHeaders]
02-Jul-2025 16:08:10.649 INFO [http-nio-8080-exec-19] org.apache.catalina.startup.HostConfig.deployWAR Deploying web application archive [C:\Users\Zago\Documents\Github Projects\JakartaEE\apache-tomcat-10.1.42\webapps\webappHeaders.war]
02-Jul-2025 16:08:10.697 INFO [http-nio-8080-exec-19] org.apache.catalina.startup.HostConfig.deployWAR Deployment of web application archive [C:\Users\Zago\Documents\Github Projects\JakartaEE\apache-tomcat-10.1.42\webapps\webappHeaders.war] has finished in [49] ms
02-Jul-2025 16:10:49.487 INFO [http-nio-8080-exec-24] org.apache.catalina.startup.HostConfig.undeploy Undeploying context [/webappHeaders]
02-Jul-2025 16:10:49.496 INFO [http-nio-8080-exec-24] org.apache.catalina.startup.HostConfig.deployWAR Deploying web application archive [C:\Users\Zago\Documents\Github Projects\JakartaEE\apache-tomcat-10.1.42\webapps\webappHeaders.war]
02-Jul-2025 16:10:49.533 INFO [http-nio-8080-exec-24] org.apache.catalina.startup.HostConfig.deployWAR Deployment of web application archive [C:\Users\Zago\Documents\Github Projects\JakartaEE\apache-tomcat-10.1.42\webapps\webappHeaders.war] has finished in [37] ms
02-Jul-2025 16:16:02.513 INFO [http-nio-8080-exec-33] org.apache.catalina.startup.HostConfig.undeploy Undeploying context [/webappHeaders]
02-Jul-2025 16:16:02.576 INFO [http-nio-8080-exec-33] org.apache.catalina.startup.HostConfig.deployWAR Deploying web application archive [C:\Users\Zago\Documents\Github Projects\JakartaEE\apache-tomcat-10.1.42\webapps\webappHeaders.war]
02-Jul-2025 16:16:02.713 INFO [http-nio-8080-exec-33] org.apache.catalina.startup.HostConfig.deployWAR Deployment of web application archive [C:\Users\Zago\Documents\Github Projects\JakartaEE\apache-tomcat-10.1.42\webapps\webappHeaders.war] has finished in [136] ms
02-Jul-2025 16:18:39.008 INFO [Thread-1] org.apache.coyote.AbstractProtocol.pause Pausing ProtocolHandler ["http-nio-8080"]
02-Jul-2025 16:18:39.019 INFO [Thread-1] org.apache.catalina.core.StandardService.stopInternal Stopping service [Catalina]
02-Jul-2025 16:18:39.048 INFO [Thread-1] org.apache.coyote.AbstractProtocol.stop Stopping ProtocolHandler ["http-nio-8080"]
02-Jul-2025 16:18:39.070 INFO [Thread-1] org.apache.coyote.AbstractProtocol.destroy Destroying ProtocolHandler ["http-nio-8080"]
02-Jul-2025 17:36:32.171 INFO [main] org.apache.catalina.startup.VersionLoggerListener.log Server version name:   Apache Tomcat/10.1.42
02-Jul-2025 17:36:32.195 INFO [main] org.apache.catalina.startup.VersionLoggerListener.log Server built:          Jun 5 2025 22:35:46 UTC
02-Jul-2025 17:36:32.195 INFO [main] org.apache.catalina.startup.VersionLoggerListener.log Server version number: 10.1.42.0
02-Jul-2025 17:36:32.195 INFO [main] org.apache.catalina.startup.VersionLoggerListener.log OS Name:               Windows 10
02-Jul-2025 17:36:32.195 INFO [main] org.apache.catalina.startup.VersionLoggerListener.log OS Version:            10.0
02-Jul-2025 17:36:32.195 INFO [main] org.apache.catalina.startup.VersionLoggerListener.log Architecture:          amd64
02-Jul-2025 17:36:32.195 INFO [main] org.apache.catalina.startup.VersionLoggerListener.log Java Home:             C:\Users\Zago\AppData\Local\Programs\Eclipse Adoptium\jdk-23.0.2.7-hotspot
02-Jul-2025 17:36:32.195 INFO [main] org.apache.catalina.startup.VersionLoggerListener.log JVM Version:           23.0.2+7
02-Jul-2025 17:36:32.195 INFO [main] org.apache.catalina.startup.VersionLoggerListener.log JVM Vendor:            Eclipse Adoptium
02-Jul-2025 17:36:32.195 INFO [main] org.apache.catalina.startup.VersionLoggerListener.log CATALINA_BASE:         C:\Users\Zago\Documents\Github Projects\JakartaEE\apache-tomcat-10.1.42
02-Jul-2025 17:36:32.196 INFO [main] org.apache.catalina.startup.VersionLoggerListener.log CATALINA_HOME:         C:\Users\Zago\Documents\Github Projects\JakartaEE\apache-tomcat-10.1.42
02-Jul-2025 17:36:32.254 INFO [main] org.apache.catalina.startup.VersionLoggerListener.log Command line argument: -Djava.util.logging.config.file=C:\Users\Zago\Documents\Github Projects\JakartaEE\apache-tomcat-10.1.42\conf\logging.properties
02-Jul-2025 17:36:32.254 INFO [main] org.apache.catalina.startup.VersionLoggerListener.log Command line argument: -Djava.util.logging.manager=org.apache.juli.ClassLoaderLogManager
02-Jul-2025 17:36:32.254 INFO [main] org.apache.catalina.startup.VersionLoggerListener.log Command line argument: -Djdk.tls.ephemeralDHKeySize=2048
02-Jul-2025 17:36:32.254 INFO [main] org.apache.catalina.startup.VersionLoggerListener.log Command line argument: -Djava.protocol.handler.pkgs=org.apache.catalina.webresources
02-Jul-2025 17:36:32.254 INFO [main] org.apache.catalina.startup.VersionLoggerListener.log Command line argument: -Dsun.io.useCanonCaches=false
02-Jul-2025 17:36:32.255 INFO [main] org.apache.catalina.startup.VersionLoggerListener.log Command line argument: --add-opens=java.base/java.lang=ALL-UNNAMED
02-Jul-2025 17:36:32.255 INFO [main] org.apache.catalina.startup.VersionLoggerListener.log Command line argument: --add-opens=java.base/java.lang.reflect=ALL-UNNAMED
02-Jul-2025 17:36:32.256 INFO [main] org.apache.catalina.startup.VersionLoggerListener.log Command line argument: --add-opens=java.base/java.io=ALL-UNNAMED
02-Jul-2025 17:36:32.256 INFO [main] org.apache.catalina.startup.VersionLoggerListener.log Command line argument: --add-opens=java.base/java.util=ALL-UNNAMED
02-Jul-2025 17:36:32.257 INFO [main] org.apache.catalina.startup.VersionLoggerListener.log Command line argument: --add-opens=java.base/java.util.concurrent=ALL-UNNAMED
02-Jul-2025 17:36:32.257 INFO [main] org.apache.catalina.startup.VersionLoggerListener.log Command line argument: --add-opens=java.rmi/sun.rmi.transport=ALL-UNNAMED
02-Jul-2025 17:36:32.257 INFO [main] org.apache.catalina.startup.VersionLoggerListener.log Command line argument: -Dcatalina.base=C:\Users\Zago\Documents\Github Projects\JakartaEE\apache-tomcat-10.1.42
02-Jul-2025 17:36:32.258 INFO [main] org.apache.catalina.startup.VersionLoggerListener.log Command line argument: -Dcatalina.home=C:\Users\Zago\Documents\Github Projects\JakartaEE\apache-tomcat-10.1.42
02-Jul-2025 17:36:32.258 INFO [main] org.apache.catalina.startup.VersionLoggerListener.log Command line argument: -Djava.io.tmpdir=C:\Users\Zago\Documents\Github Projects\JakartaEE\apache-tomcat-10.1.42\temp
02-Jul-2025 17:36:32.261 INFO [main] org.apache.catalina.core.AprLifecycleListener.lifecycleEvent Loaded Apache Tomcat Native library [2.0.9] using APR version [1.7.6].
02-Jul-2025 17:36:32.275 INFO [main] org.apache.catalina.core.AprLifecycleListener.initializeSSL OpenSSL successfully initialized [OpenSSL 3.5.0 8 Apr 2025]
02-Jul-2025 17:36:32.870 INFO [main] org.apache.coyote.AbstractProtocol.init Initializing ProtocolHandler ["http-nio-8080"]
02-Jul-2025 17:36:32.906 INFO [main] org.apache.catalina.startup.Catalina.load Server initialization in [1250] milliseconds
02-Jul-2025 17:36:32.984 INFO [main] org.apache.catalina.core.StandardService.startInternal Starting service [Catalina]
02-Jul-2025 17:36:32.984 INFO [main] org.apache.catalina.core.StandardEngine.startInternal Starting Servlet engine: [Apache Tomcat/10.1.42]
02-Jul-2025 17:36:33.004 INFO [main] org.apache.catalina.startup.HostConfig.deployWAR Deploying web application archive [C:\Users\Zago\Documents\Github Projects\JakartaEE\apache-tomcat-10.1.42\webapps\webapp.war]
02-Jul-2025 17:36:33.543 INFO [main] org.apache.catalina.startup.HostConfig.deployWAR Deployment of web application archive [C:\Users\Zago\Documents\Github Projects\JakartaEE\apache-tomcat-10.1.42\webapps\webapp.war] has finished in [538] ms
02-Jul-2025 17:36:33.545 INFO [main] org.apache.catalina.startup.HostConfig.deployWAR Deploying web application archive [C:\Users\Zago\Documents\Github Projects\JakartaEE\apache-tomcat-10.1.42\webapps\webappform.war]
02-Jul-2025 17:36:33.581 INFO [main] org.apache.catalina.startup.HostConfig.deployWAR Deployment of web application archive [C:\Users\Zago\Documents\Github Projects\JakartaEE\apache-tomcat-10.1.42\webapps\webappform.war] has finished in [36] ms
02-Jul-2025 17:36:33.582 INFO [main] org.apache.catalina.startup.HostConfig.deployWAR Deploying web application archive [C:\Users\Zago\Documents\Github Projects\JakartaEE\apache-tomcat-10.1.42\webapps\webappHeaders.war]
02-Jul-2025 17:36:33.613 INFO [main] org.apache.catalina.startup.HostConfig.deployWAR Deployment of web application archive [C:\Users\Zago\Documents\Github Projects\JakartaEE\apache-tomcat-10.1.42\webapps\webappHeaders.war] has finished in [31] ms
02-Jul-2025 17:36:33.614 INFO [main] org.apache.catalina.startup.HostConfig.deployDirectory Deploying web application directory [C:\Users\Zago\Documents\Github Projects\JakartaEE\apache-tomcat-10.1.42\webapps\docs]
02-Jul-2025 17:36:33.639 INFO [main] org.apache.catalina.startup.HostConfig.deployDirectory Deployment of web application directory [C:\Users\Zago\Documents\Github Projects\JakartaEE\apache-tomcat-10.1.42\webapps\docs] has finished in [25] ms
02-Jul-2025 17:36:33.639 INFO [main] org.apache.catalina.startup.HostConfig.deployDirectory Deploying web application directory [C:\Users\Zago\Documents\Github Projects\JakartaEE\apache-tomcat-10.1.42\webapps\examples]
02-Jul-2025 17:36:34.033 INFO [main] org.apache.catalina.startup.HostConfig.deployDirectory Deployment of web application directory [C:\Users\Zago\Documents\Github Projects\JakartaEE\apache-tomcat-10.1.42\webapps\examples] has finished in [394] ms
02-Jul-2025 17:36:34.034 INFO [main] org.apache.catalina.startup.HostConfig.deployDirectory Deploying web application directory [C:\Users\Zago\Documents\Github Projects\JakartaEE\apache-tomcat-10.1.42\webapps\host-manager]
02-Jul-2025 17:36:34.075 INFO [main] org.apache.catalina.startup.HostConfig.deployDirectory Deployment of web application directory [C:\Users\Zago\Documents\Github Projects\JakartaEE\apache-tomcat-10.1.42\webapps\host-manager] has finished in [41] ms
02-Jul-2025 17:36:34.075 INFO [main] org.apache.catalina.startup.HostConfig.deployDirectory Deploying web application directory [C:\Users\Zago\Documents\Github Projects\JakartaEE\apache-tomcat-10.1.42\webapps\manager]
02-Jul-2025 17:36:34.100 INFO [main] org.apache.catalina.startup.HostConfig.deployDirectory Deployment of web application directory [C:\Users\Zago\Documents\Github Projects\JakartaEE\apache-tomcat-10.1.42\webapps\manager] has finished in [25] ms
02-Jul-2025 17:36:34.100 INFO [main] org.apache.catalina.startup.HostConfig.deployDirectory Deploying web application directory [C:\Users\Zago\Documents\Github Projects\JakartaEE\apache-tomcat-10.1.42\webapps\ROOT]
02-Jul-2025 17:36:34.117 INFO [main] org.apache.catalina.startup.HostConfig.deployDirectory Deployment of web application directory [C:\Users\Zago\Documents\Github Projects\JakartaEE\apache-tomcat-10.1.42\webapps\ROOT] has finished in [17] ms
02-Jul-2025 17:36:34.120 INFO [main] org.apache.coyote.AbstractProtocol.start Starting ProtocolHandler ["http-nio-8080"]
02-Jul-2025 17:36:34.161 INFO [main] org.apache.catalina.startup.Catalina.start Server startup in [1254] milliseconds
02-Jul-2025 17:37:19.904 INFO [http-nio-8080-exec-2] org.apache.catalina.startup.HostConfig.undeploy Undeploying context [/webappHeaders]
02-Jul-2025 17:37:19.920 INFO [http-nio-8080-exec-2] org.apache.catalina.startup.HostConfig.deployWAR Deploying web application archive [C:\Users\Zago\Documents\Github Projects\JakartaEE\apache-tomcat-10.1.42\webapps\webappHeaders.war]
02-Jul-2025 17:37:19.961 INFO [http-nio-8080-exec-2] org.apache.catalina.startup.HostConfig.deployWAR Deployment of web application archive [C:\Users\Zago\Documents\Github Projects\JakartaEE\apache-tomcat-10.1.42\webapps\webappHeaders.war] has finished in [41] ms
02-Jul-2025 17:38:42.332 INFO [http-nio-8080-exec-11] org.apache.catalina.startup.HostConfig.undeploy Undeploying context [/webappHeaders]
02-Jul-2025 17:38:42.342 INFO [http-nio-8080-exec-11] org.apache.catalina.startup.HostConfig.deployWAR Deploying web application archive [C:\Users\Zago\Documents\Github Projects\JakartaEE\apache-tomcat-10.1.42\webapps\webappHeaders.war]
02-Jul-2025 17:38:42.388 INFO [http-nio-8080-exec-11] org.apache.catalina.startup.HostConfig.deployWAR Deployment of web application archive [C:\Users\Zago\Documents\Github Projects\JakartaEE\apache-tomcat-10.1.42\webapps\webappHeaders.war] has finished in [45] ms
02-Jul-2025 17:38:50.913 INFO [http-nio-8080-exec-12] org.apache.catalina.startup.HostConfig.undeploy Undeploying context [/webappHeaders]
02-Jul-2025 17:38:50.922 INFO [http-nio-8080-exec-12] org.apache.catalina.startup.HostConfig.deployWAR Deploying web application archive [C:\Users\Zago\Documents\Github Projects\JakartaEE\apache-tomcat-10.1.42\webapps\webappHeaders.war]
02-Jul-2025 17:38:50.961 INFO [http-nio-8080-exec-12] org.apache.catalina.startup.HostConfig.deployWAR Deployment of web application archive [C:\Users\Zago\Documents\Github Projects\JakartaEE\apache-tomcat-10.1.42\webapps\webappHeaders.war] has finished in [39] ms
02-Jul-2025 17:39:34.871 INFO [http-nio-8080-exec-15] org.apache.catalina.startup.HostConfig.undeploy Undeploying context [/webappHeaders]
02-Jul-2025 17:39:34.880 INFO [http-nio-8080-exec-15] org.apache.catalina.startup.HostConfig.deployWAR Deploying web application archive [C:\Users\Zago\Documents\Github Projects\JakartaEE\apache-tomcat-10.1.42\webapps\webappHeaders.war]
02-Jul-2025 17:39:34.916 INFO [http-nio-8080-exec-15] org.apache.catalina.startup.HostConfig.deployWAR Deployment of web application archive [C:\Users\Zago\Documents\Github Projects\JakartaEE\apache-tomcat-10.1.42\webapps\webappHeaders.war] has finished in [36] ms
02-Jul-2025 17:39:56.976 INFO [http-nio-8080-exec-19] org.apache.catalina.startup.HostConfig.undeploy Undeploying context [/webappHeaders]
02-Jul-2025 17:39:56.985 INFO [http-nio-8080-exec-19] org.apache.catalina.startup.HostConfig.deployWAR Deploying web application archive [C:\Users\Zago\Documents\Github Projects\JakartaEE\apache-tomcat-10.1.42\webapps\webappHeaders.war]
02-Jul-2025 17:39:57.020 INFO [http-nio-8080-exec-19] org.apache.catalina.startup.HostConfig.deployWAR Deployment of web application archive [C:\Users\Zago\Documents\Github Projects\JakartaEE\apache-tomcat-10.1.42\webapps\webappHeaders.war] has finished in [36] ms
02-Jul-2025 17:40:20.574 INFO [http-nio-8080-exec-18] org.apache.catalina.startup.HostConfig.undeploy Undeploying context [/webappHeaders]
02-Jul-2025 17:40:20.585 INFO [http-nio-8080-exec-18] org.apache.catalina.startup.HostConfig.deployWAR Deploying web application archive [C:\Users\Zago\Documents\Github Projects\JakartaEE\apache-tomcat-10.1.42\webapps\webappHeaders.war]
02-Jul-2025 17:40:20.622 INFO [http-nio-8080-exec-18] org.apache.catalina.startup.HostConfig.deployWAR Deployment of web application archive [C:\Users\Zago\Documents\Github Projects\JakartaEE\apache-tomcat-10.1.42\webapps\webappHeaders.war] has finished in [36] ms
02-Jul-2025 17:52:49.797 INFO [http-nio-8080-exec-29] org.apache.catalina.startup.HostConfig.undeploy Undeploying context [/webappHeaders]
02-Jul-2025 17:52:49.807 INFO [http-nio-8080-exec-29] org.apache.catalina.startup.HostConfig.deployWAR Deploying web application archive [C:\Users\Zago\Documents\Github Projects\JakartaEE\apache-tomcat-10.1.42\webapps\webappHeaders.war]
02-Jul-2025 17:52:49.850 SEVERE [http-nio-8080-exec-29] org.apache.catalina.startup.HostConfig.deployWAR Error deploying web application archive [C:\Users\Zago\Documents\Github Projects\JakartaEE\apache-tomcat-10.1.42\webapps\webappHeaders.war]
	java.lang.IllegalStateException: Error starting child
		at org.apache.catalina.core.ContainerBase.addChildInternal(ContainerBase.java:602)
		at org.apache.catalina.core.ContainerBase.addChild(ContainerBase.java:571)
		at org.apache.catalina.core.StandardHost.addChild(StandardHost.java:654)
		at org.apache.catalina.startup.HostConfig.deployWAR(HostConfig.java:965)
		at org.apache.catalina.startup.HostConfig.deployApps(HostConfig.java:487)
		at org.apache.catalina.startup.HostConfig.check(HostConfig.java:1695)
		at java.base/jdk.internal.reflect.DirectMethodHandleAccessor.invoke(DirectMethodHandleAccessor.java:103)
		at java.base/java.lang.reflect.Method.invoke(Method.java:580)
		at org.apache.tomcat.util.modeler.BaseModelMBean.invoke(BaseModelMBean.java:252)
		at java.management/com.sun.jmx.interceptor.DefaultMBeanServerInterceptor.invoke(DefaultMBeanServerInterceptor.java:803)
		at java.management/com.sun.jmx.mbeanserver.JmxMBeanServer.invoke(JmxMBeanServer.java:802)
		at org.apache.catalina.manager.ManagerServlet.check(ManagerServlet.java:1450)
		at org.apache.catalina.manager.ManagerServlet.deploy(ManagerServlet.java:766)
		at org.apache.catalina.manager.ManagerServlet.doPut(ManagerServlet.java:391)
		at jakarta.servlet.http.HttpServlet.service(HttpServlet.java:593)
		at jakarta.servlet.http.HttpServlet.service(HttpServlet.java:658)
		at org.apache.catalina.core.ApplicationFilterChain.internalDoFilter(ApplicationFilterChain.java:195)
		at org.apache.catalina.core.ApplicationFilterChain.doFilter(ApplicationFilterChain.java:140)
		at org.apache.tomcat.websocket.server.WsFilter.doFilter(WsFilter.java:51)
		at org.apache.catalina.core.ApplicationFilterChain.internalDoFilter(ApplicationFilterChain.java:164)
		at org.apache.catalina.core.ApplicationFilterChain.doFilter(ApplicationFilterChain.java:140)
		at org.apache.catalina.filters.HttpHeaderSecurityFilter.doFilter(HttpHeaderSecurityFilter.java:129)
		at org.apache.catalina.core.ApplicationFilterChain.internalDoFilter(ApplicationFilterChain.java:164)
		at org.apache.catalina.core.ApplicationFilterChain.doFilter(ApplicationFilterChain.java:140)
		at org.apache.catalina.core.StandardWrapperValve.invoke(StandardWrapperValve.java:167)
		at org.apache.catalina.core.StandardContextValve.invoke(StandardContextValve.java:90)
		at org.apache.catalina.authenticator.AuthenticatorBase.invoke(AuthenticatorBase.java:598)
		at org.apache.catalina.valves.RequestFilterValve.process(RequestFilterValve.java:354)
		at org.apache.catalina.valves.RemoteAddrValve.invoke(RemoteAddrValve.java:54)
		at org.apache.catalina.core.StandardHostValve.invoke(StandardHostValve.java:116)
		at org.apache.catalina.valves.ErrorReportValve.invoke(ErrorReportValve.java:93)
		at org.apache.catalina.valves.AbstractAccessLogValve.invoke(AbstractAccessLogValve.java:666)
		at org.apache.catalina.core.StandardEngineValve.invoke(StandardEngineValve.java:74)
		at org.apache.catalina.connector.CoyoteAdapter.service(CoyoteAdapter.java:344)
		at org.apache.coyote.http11.Http11Processor.service(Http11Processor.java:398)
		at org.apache.coyote.AbstractProcessorLight.process(AbstractProcessorLight.java:63)
		at org.apache.coyote.AbstractProtocol$ConnectionHandler.process(AbstractProtocol.java:903)
		at org.apache.tomcat.util.net.NioEndpoint$SocketProcessor.doRun(NioEndpoint.java:1769)
		at org.apache.tomcat.util.net.SocketProcessorBase.run(SocketProcessorBase.java:52)
		at org.apache.tomcat.util.threads.ThreadPoolExecutor.runWorker(ThreadPoolExecutor.java:1189)
		at org.apache.tomcat.util.threads.ThreadPoolExecutor$Worker.run(ThreadPoolExecutor.java:658)
		at org.apache.tomcat.util.threads.TaskThread$WrappingRunnable.run(TaskThread.java:63)
		at java.base/java.lang.Thread.run(Thread.java:1575)
	Caused by: org.apache.catalina.LifecycleException: Failed to start component [StandardEngine[Catalina].StandardHost[localhost].StandardContext[/webappHeaders]]
		at org.apache.catalina.util.LifecycleBase.handleSubClassException(LifecycleBase.java:406)
		at org.apache.catalina.util.LifecycleBase.start(LifecycleBase.java:179)
		at org.apache.catalina.core.ContainerBase.addChildInternal(ContainerBase.java:599)
		... 42 more
	Caused by: java.lang.IllegalArgumentException: The servlets named [org.webapp.servlet.controllers.HeadersHttpRequestServlet] and [org.webapp.servlet.HeadersHttpRequestServlet] are both mapped to the url-pattern [/header-request] which is not permitted
		at org.apache.tomcat.util.descriptor.web.WebXml.addServletMappingDecoded(WebXml.java:415)
		at org.apache.tomcat.util.descriptor.web.WebXml.addServletMapping(WebXml.java:406)
		at org.apache.catalina.startup.ContextConfig.processAnnotationWebServlet(ContextConfig.java:2547)
		at org.apache.catalina.startup.ContextConfig.processClass(ContextConfig.java:2253)
		at org.apache.catalina.startup.ContextConfig.processAnnotationsStream(ContextConfig.java:2242)
		at org.apache.catalina.startup.ContextConfig.processAnnotationsWebResource(ContextConfig.java:2153)
		at org.apache.catalina.startup.ContextConfig.processAnnotationsWebResource(ContextConfig.java:2148)
		at org.apache.catalina.startup.ContextConfig.processAnnotationsWebResource(ContextConfig.java:2148)
		at org.apache.catalina.startup.ContextConfig.processAnnotationsWebResource(ContextConfig.java:2148)
		at org.apache.catalina.startup.ContextConfig.processClasses(ContextConfig.java:1361)
		at org.apache.catalina.startup.ContextConfig.webConfig(ContextConfig.java:1271)
		at org.apache.catalina.startup.ContextConfig.configureStart(ContextConfig.java:972)
		at org.apache.catalina.startup.ContextConfig.lifecycleEvent(ContextConfig.java:290)
		at org.apache.catalina.util.LifecycleBase.fireLifecycleEvent(LifecycleBase.java:109)
		at org.apache.catalina.core.StandardContext.startInternal(StandardContext.java:4380)
		at org.apache.catalina.util.LifecycleBase.start(LifecycleBase.java:164)
		... 43 more
02-Jul-2025 17:52:49.852 INFO [http-nio-8080-exec-29] org.apache.catalina.startup.HostConfig.deployWAR Deployment of web application archive [C:\Users\Zago\Documents\Github Projects\JakartaEE\apache-tomcat-10.1.42\webapps\webappHeaders.war] has finished in [45] ms
02-Jul-2025 17:53:17.893 INFO [http-nio-8080-exec-34] org.apache.catalina.startup.HostConfig.undeploy Undeploying context [/webappHeaders]
02-Jul-2025 17:53:17.903 INFO [http-nio-8080-exec-34] org.apache.catalina.startup.HostConfig.deployWAR Deploying web application archive [C:\Users\Zago\Documents\Github Projects\JakartaEE\apache-tomcat-10.1.42\webapps\webappHeaders.war]
02-Jul-2025 17:53:17.959 INFO [http-nio-8080-exec-34] org.apache.catalina.startup.HostConfig.deployWAR Deployment of web application archive [C:\Users\Zago\Documents\Github Projects\JakartaEE\apache-tomcat-10.1.42\webapps\webappHeaders.war] has finished in [56] ms
02-Jul-2025 17:59:24.056 INFO [http-nio-8080-exec-42] org.apache.catalina.startup.HostConfig.undeploy Undeploying context [/webappHeaders]
02-Jul-2025 17:59:24.067 INFO [http-nio-8080-exec-42] org.apache.catalina.startup.HostConfig.deployWAR Deploying web application archive [C:\Users\Zago\Documents\Github Projects\JakartaEE\apache-tomcat-10.1.42\webapps\webappHeaders.war]
02-Jul-2025 17:59:24.121 INFO [http-nio-8080-exec-42] org.apache.catalina.startup.HostConfig.deployWAR Deployment of web application archive [C:\Users\Zago\Documents\Github Projects\JakartaEE\apache-tomcat-10.1.42\webapps\webappHeaders.war] has finished in [54] ms
02-Jul-2025 18:06:45.159 INFO [http-nio-8080-exec-52] org.apache.catalina.startup.HostConfig.undeploy Undeploying context [/webappHeaders]
02-Jul-2025 18:06:45.169 INFO [http-nio-8080-exec-52] org.apache.catalina.startup.HostConfig.deployWAR Deploying web application archive [C:\Users\Zago\Documents\Github Projects\JakartaEE\apache-tomcat-10.1.42\webapps\webappHeaders.war]
02-Jul-2025 18:06:45.399 INFO [http-nio-8080-exec-52] org.apache.jasper.servlet.TldScanner.scanJars At least one JAR was scanned for TLDs yet contained no TLDs. Enable debug logging for this logger for a complete list of JARs that were scanned but no TLDs were found in them. Skipping unneeded JARs during scanning can improve startup time and JSP compilation time.
02-Jul-2025 18:06:45.402 INFO [http-nio-8080-exec-52] org.apache.catalina.startup.HostConfig.deployWAR Deployment of web application archive [C:\Users\Zago\Documents\Github Projects\JakartaEE\apache-tomcat-10.1.42\webapps\webappHeaders.war] has finished in [233] ms
02-Jul-2025 18:15:05.245 INFO [http-nio-8080-exec-63] org.apache.catalina.startup.HostConfig.undeploy Undeploying context [/webappHeaders]
02-Jul-2025 18:15:05.259 INFO [http-nio-8080-exec-63] org.apache.catalina.startup.HostConfig.deployWAR Deploying web application archive [C:\Users\Zago\Documents\Github Projects\JakartaEE\apache-tomcat-10.1.42\webapps\webappHeaders.war]
02-Jul-2025 18:15:05.450 INFO [http-nio-8080-exec-63] org.apache.jasper.servlet.TldScanner.scanJars At least one JAR was scanned for TLDs yet contained no TLDs. Enable debug logging for this logger for a complete list of JARs that were scanned but no TLDs were found in them. Skipping unneeded JARs during scanning can improve startup time and JSP compilation time.
02-Jul-2025 18:15:05.452 INFO [http-nio-8080-exec-63] org.apache.catalina.startup.HostConfig.deployWAR Deployment of web application archive [C:\Users\Zago\Documents\Github Projects\JakartaEE\apache-tomcat-10.1.42\webapps\webappHeaders.war] has finished in [194] ms
02-Jul-2025 18:42:04.715 INFO [http-nio-8080-exec-72] org.apache.catalina.startup.HostConfig.undeploy Undeploying context [/webappHeaders]
02-Jul-2025 18:42:04.729 INFO [http-nio-8080-exec-72] org.apache.catalina.startup.HostConfig.deployWAR Deploying web application archive [C:\Users\Zago\Documents\Github Projects\JakartaEE\apache-tomcat-10.1.42\webapps\webappHeaders.war]
02-Jul-2025 18:42:04.910 INFO [http-nio-8080-exec-72] org.apache.jasper.servlet.TldScanner.scanJars At least one JAR was scanned for TLDs yet contained no TLDs. Enable debug logging for this logger for a complete list of JARs that were scanned but no TLDs were found in them. Skipping unneeded JARs during scanning can improve startup time and JSP compilation time.
02-Jul-2025 18:42:04.913 INFO [http-nio-8080-exec-72] org.apache.catalina.startup.HostConfig.deployWAR Deployment of web application archive [C:\Users\Zago\Documents\Github Projects\JakartaEE\apache-tomcat-10.1.42\webapps\webappHeaders.war] has finished in [184] ms
02-Jul-2025 18:42:28.910 INFO [http-nio-8080-exec-81] org.apache.catalina.startup.HostConfig.undeploy Undeploying context [/webappHeaders]
02-Jul-2025 18:42:28.922 INFO [http-nio-8080-exec-81] org.apache.catalina.startup.HostConfig.deployWAR Deploying web application archive [C:\Users\Zago\Documents\Github Projects\JakartaEE\apache-tomcat-10.1.42\webapps\webappHeaders.war]
02-Jul-2025 18:42:29.109 INFO [http-nio-8080-exec-81] org.apache.jasper.servlet.TldScanner.scanJars At least one JAR was scanned for TLDs yet contained no TLDs. Enable debug logging for this logger for a complete list of JARs that were scanned but no TLDs were found in them. Skipping unneeded JARs during scanning can improve startup time and JSP compilation time.
02-Jul-2025 18:42:29.111 INFO [http-nio-8080-exec-81] org.apache.catalina.startup.HostConfig.deployWAR Deployment of web application archive [C:\Users\Zago\Documents\Github Projects\JakartaEE\apache-tomcat-10.1.42\webapps\webappHeaders.war] has finished in [189] ms
02-Jul-2025 18:42:46.074 INFO [http-nio-8080-exec-85] org.apache.catalina.startup.HostConfig.undeploy Undeploying context [/webappHeaders]
02-Jul-2025 18:42:46.086 INFO [http-nio-8080-exec-85] org.apache.catalina.startup.HostConfig.deployWAR Deploying web application archive [C:\Users\Zago\Documents\Github Projects\JakartaEE\apache-tomcat-10.1.42\webapps\webappHeaders.war]
02-Jul-2025 18:42:46.269 INFO [http-nio-8080-exec-85] org.apache.jasper.servlet.TldScanner.scanJars At least one JAR was scanned for TLDs yet contained no TLDs. Enable debug logging for this logger for a complete list of JARs that were scanned but no TLDs were found in them. Skipping unneeded JARs during scanning can improve startup time and JSP compilation time.
02-Jul-2025 18:42:46.272 INFO [http-nio-8080-exec-85] org.apache.catalina.startup.HostConfig.deployWAR Deployment of web application archive [C:\Users\Zago\Documents\Github Projects\JakartaEE\apache-tomcat-10.1.42\webapps\webappHeaders.war] has finished in [186] ms
