01-Jul-2025 10:59:19.433 INFO [main] org.apache.catalina.core.ApplicationContext.log ContextListener: contextInitialized()
01-Jul-2025 10:59:19.433 INFO [main] org.apache.catalina.core.ApplicationContext.log SessionListener: contextInitialized()
01-Jul-2025 10:59:19.434 INFO [main] org.apache.catalina.core.ApplicationContext.log ContextListener: attributeAdded('StockTicker', 'async.Stockticker@5ab14cb9')
01-Jul-2025 15:28:39.486 INFO [Thread-1] org.apache.catalina.core.ApplicationContext.log SessionListener: contextDestroyed()
01-Jul-2025 15:28:39.486 INFO [Thread-1] org.apache.catalina.core.ApplicationContext.log ContextListener: contextDestroyed()
01-Jul-2025 19:08:57.002 INFO [main] org.apache.catalina.core.ApplicationContext.log ContextListener: contextInitialized()
01-Jul-2025 19:08:57.003 INFO [main] org.apache.catalina.core.ApplicationContext.log SessionListener: contextInitialized()
01-Jul-2025 19:08:57.004 INFO [main] org.apache.catalina.core.ApplicationContext.log ContextListener: attributeAdded('StockTicker', 'async.Stockticker@54709809')
01-Jul-2025 19:52:15.220 SEVERE [http-nio-8080-exec-42] org.apache.catalina.core.ApplicationDispatcher.invoke Servlet.service() for servlet [jsp] threw exception
	org.apache.jasper.JasperException: Unable to compile class for JSP: 

An error occurred at line: [4] in the jsp file: [/index.jsp]
Type mismatch: cannot convert from Object to List<String>
1: <%@page contentType="text/html" pageEncoding="UTF-8"%>
2: <%@page import="java.util.List"%>
3: <%
4:     List<String> e = request.getAttribute("e");
5: %>
6: <!DOCTYPE html>
7: <html lang="en">


An error occurred at line: [18] in the jsp file: [/index.jsp]
STRING cannot be resolved to a type
15:     if(e != null && e.size()>0) {
16:     %>
17:         <ul>
18:         <% for(STRING er: e) { %>
19:             <li><%=er%></li>
20:         </ul>
21:     <%}


An error occurred at line: [18] in the jsp file: [/index.jsp]
Type mismatch: cannot convert from element type String to STRING
15:     if(e != null && e.size()>0) {
16:     %>
17:         <ul>
18:         <% for(STRING er: e) { %>
19:             <li><%=er%></li>
20:         </ul>
21:     <%}


An error occurred at line: [246] in the generated java file: [C:\Users\Zago\Documents\Github Projects\JakartaEE\apache-tomcat-10.1.42\work\Catalina\localhost\webappform\org\apache\jsp\index_jsp.java]
Syntax error, insert "else Statement" to complete IfStatement

An error occurred at line: [246] in the generated java file: [C:\Users\Zago\Documents\Github Projects\JakartaEE\apache-tomcat-10.1.42\work\Catalina\localhost\webappform\org\apache\jsp\index_jsp.java]
Syntax error, insert "}" to complete Block

An error occurred at line: [263] in the generated java file: [C:\Users\Zago\Documents\Github Projects\JakartaEE\apache-tomcat-10.1.42\work\Catalina\localhost\webappform\org\apache\jsp\index_jsp.java]
Syntax error on token "}", delete this token

An error occurred at line: [264] in the generated java file: [C:\Users\Zago\Documents\Github Projects\JakartaEE\apache-tomcat-10.1.42\work\Catalina\localhost\webappform\org\apache\jsp\index_jsp.java]
Syntax error, insert "}" to complete ClassBody

Stacktrace:
		at org.apache.jasper.compiler.DefaultErrorHandler.javacError(DefaultErrorHandler.java:72)
		at org.apache.jasper.compiler.ErrorDispatcher.javacError(ErrorDispatcher.java:192)
		at org.apache.jasper.compiler.JDTCompiler.generateClass(JDTCompiler.java:555)
		at org.apache.jasper.compiler.Compiler.compile(Compiler.java:374)
		at org.apache.jasper.compiler.Compiler.compile(Compiler.java:346)
		at org.apache.jasper.compiler.Compiler.compile(Compiler.java:332)
		at org.apache.jasper.JspCompilationContext.compile(JspCompilationContext.java:592)
		at org.apache.jasper.servlet.JspServletWrapper.service(JspServletWrapper.java:376)
		at org.apache.jasper.servlet.JspServlet.serviceJspFile(JspServlet.java:357)
		at org.apache.jasper.servlet.JspServlet.service(JspServlet.java:308)
		at jakarta.servlet.http.HttpServlet.service(HttpServlet.java:658)
		at org.apache.catalina.core.ApplicationFilterChain.internalDoFilter(ApplicationFilterChain.java:195)
		at org.apache.catalina.core.ApplicationFilterChain.doFilter(ApplicationFilterChain.java:140)
		at org.apache.tomcat.websocket.server.WsFilter.doFilter(WsFilter.java:51)
		at org.apache.catalina.core.ApplicationFilterChain.internalDoFilter(ApplicationFilterChain.java:164)
		at org.apache.catalina.core.ApplicationFilterChain.doFilter(ApplicationFilterChain.java:140)
		at org.apache.catalina.core.ApplicationDispatcher.invoke(ApplicationDispatcher.java:612)
		at org.apache.catalina.core.ApplicationDispatcher.processRequest(ApplicationDispatcher.java:394)
		at org.apache.catalina.core.ApplicationDispatcher.doForward(ApplicationDispatcher.java:323)
		at org.apache.catalina.core.ApplicationDispatcher.forward(ApplicationDispatcher.java:268)
		at org.webapp.servlet.FormServlet.doPost(FormServlet.java:86)
		at jakarta.servlet.http.HttpServlet.service(HttpServlet.java:590)
		at jakarta.servlet.http.HttpServlet.service(HttpServlet.java:658)
		at org.apache.catalina.core.ApplicationFilterChain.internalDoFilter(ApplicationFilterChain.java:195)
		at org.apache.catalina.core.ApplicationFilterChain.doFilter(ApplicationFilterChain.java:140)
		at org.apache.tomcat.websocket.server.WsFilter.doFilter(WsFilter.java:51)
		at org.apache.catalina.core.ApplicationFilterChain.internalDoFilter(ApplicationFilterChain.java:164)
		at org.apache.catalina.core.ApplicationFilterChain.doFilter(ApplicationFilterChain.java:140)
		at org.apache.catalina.core.StandardWrapperValve.invoke(StandardWrapperValve.java:167)
		at org.apache.catalina.core.StandardContextValve.invoke(StandardContextValve.java:90)
		at org.apache.catalina.authenticator.AuthenticatorBase.invoke(AuthenticatorBase.java:483)
		at org.apache.catalina.core.StandardHostValve.invoke(StandardHostValve.java:116)
		at org.apache.catalina.valves.ErrorReportValve.invoke(ErrorReportValve.java:93)
		at org.apache.catalina.valves.AbstractAccessLogValve.invoke(AbstractAccessLogValve.java:666)
		at org.apache.catalina.core.StandardEngineValve.invoke(StandardEngineValve.java:74)
		at org.apache.catalina.connector.CoyoteAdapter.service(CoyoteAdapter.java:344)
		at org.apache.coyote.http11.Http11Processor.service(Http11Processor.java:398)
		at org.apache.coyote.AbstractProcessorLight.process(AbstractProcessorLight.java:63)
		at org.apache.coyote.AbstractProtocol$ConnectionHandler.process(AbstractProtocol.java:903)
		at org.apache.tomcat.util.net.NioEndpoint$SocketProcessor.doRun(NioEndpoint.java:1769)
		at org.apache.tomcat.util.net.SocketProcessorBase.run(SocketProcessorBase.java:52)
		at org.apache.tomcat.util.threads.ThreadPoolExecutor.runWorker(ThreadPoolExecutor.java:1189)
		at org.apache.tomcat.util.threads.ThreadPoolExecutor$Worker.run(ThreadPoolExecutor.java:658)
		at org.apache.tomcat.util.threads.TaskThread$WrappingRunnable.run(TaskThread.java:63)
		at java.base/java.lang.Thread.run(Thread.java:1575)
01-Jul-2025 19:52:15.220 SEVERE [http-nio-8080-exec-42] org.apache.catalina.core.StandardWrapperValve.invoke Servlet.service() for servlet [org.webapp.servlet.FormServlet] in context with path [/webappform] threw exception [Unable to compile class for JSP: 

An error occurred at line: [4] in the jsp file: [/index.jsp]
Type mismatch: cannot convert from Object to List<String>
1: <%@page contentType="text/html" pageEncoding="UTF-8"%>
2: <%@page import="java.util.List"%>
3: <%
4:     List<String> e = request.getAttribute("e");
5: %>
6: <!DOCTYPE html>
7: <html lang="en">


An error occurred at line: [18] in the jsp file: [/index.jsp]
STRING cannot be resolved to a type
15:     if(e != null && e.size()>0) {
16:     %>
17:         <ul>
18:         <% for(STRING er: e) { %>
19:             <li><%=er%></li>
20:         </ul>
21:     <%}


An error occurred at line: [18] in the jsp file: [/index.jsp]
Type mismatch: cannot convert from element type String to STRING
15:     if(e != null && e.size()>0) {
16:     %>
17:         <ul>
18:         <% for(STRING er: e) { %>
19:             <li><%=er%></li>
20:         </ul>
21:     <%}


An error occurred at line: [246] in the generated java file: [C:\Users\Zago\Documents\Github Projects\JakartaEE\apache-tomcat-10.1.42\work\Catalina\localhost\webappform\org\apache\jsp\index_jsp.java]
Syntax error, insert "else Statement" to complete IfStatement

An error occurred at line: [246] in the generated java file: [C:\Users\Zago\Documents\Github Projects\JakartaEE\apache-tomcat-10.1.42\work\Catalina\localhost\webappform\org\apache\jsp\index_jsp.java]
Syntax error, insert "}" to complete Block

An error occurred at line: [263] in the generated java file: [C:\Users\Zago\Documents\Github Projects\JakartaEE\apache-tomcat-10.1.42\work\Catalina\localhost\webappform\org\apache\jsp\index_jsp.java]
Syntax error on token "}", delete this token

An error occurred at line: [264] in the generated java file: [C:\Users\Zago\Documents\Github Projects\JakartaEE\apache-tomcat-10.1.42\work\Catalina\localhost\webappform\org\apache\jsp\index_jsp.java]
Syntax error, insert "}" to complete ClassBody

Stacktrace:] with root cause
	org.apache.jasper.JasperException: Unable to compile class for JSP: 

An error occurred at line: [4] in the jsp file: [/index.jsp]
Type mismatch: cannot convert from Object to List<String>
1: <%@page contentType="text/html" pageEncoding="UTF-8"%>
2: <%@page import="java.util.List"%>
3: <%
4:     List<String> e = request.getAttribute("e");
5: %>
6: <!DOCTYPE html>
7: <html lang="en">


An error occurred at line: [18] in the jsp file: [/index.jsp]
STRING cannot be resolved to a type
15:     if(e != null && e.size()>0) {
16:     %>
17:         <ul>
18:         <% for(STRING er: e) { %>
19:             <li><%=er%></li>
20:         </ul>
21:     <%}


An error occurred at line: [18] in the jsp file: [/index.jsp]
Type mismatch: cannot convert from element type String to STRING
15:     if(e != null && e.size()>0) {
16:     %>
17:         <ul>
18:         <% for(STRING er: e) { %>
19:             <li><%=er%></li>
20:         </ul>
21:     <%}


An error occurred at line: [246] in the generated java file: [C:\Users\Zago\Documents\Github Projects\JakartaEE\apache-tomcat-10.1.42\work\Catalina\localhost\webappform\org\apache\jsp\index_jsp.java]
Syntax error, insert "else Statement" to complete IfStatement

An error occurred at line: [246] in the generated java file: [C:\Users\Zago\Documents\Github Projects\JakartaEE\apache-tomcat-10.1.42\work\Catalina\localhost\webappform\org\apache\jsp\index_jsp.java]
Syntax error, insert "}" to complete Block

An error occurred at line: [263] in the generated java file: [C:\Users\Zago\Documents\Github Projects\JakartaEE\apache-tomcat-10.1.42\work\Catalina\localhost\webappform\org\apache\jsp\index_jsp.java]
Syntax error on token "}", delete this token

An error occurred at line: [264] in the generated java file: [C:\Users\Zago\Documents\Github Projects\JakartaEE\apache-tomcat-10.1.42\work\Catalina\localhost\webappform\org\apache\jsp\index_jsp.java]
Syntax error, insert "}" to complete ClassBody

Stacktrace:
		at org.apache.jasper.compiler.DefaultErrorHandler.javacError(DefaultErrorHandler.java:72)
		at org.apache.jasper.compiler.ErrorDispatcher.javacError(ErrorDispatcher.java:192)
		at org.apache.jasper.compiler.JDTCompiler.generateClass(JDTCompiler.java:555)
		at org.apache.jasper.compiler.Compiler.compile(Compiler.java:374)
		at org.apache.jasper.compiler.Compiler.compile(Compiler.java:346)
		at org.apache.jasper.compiler.Compiler.compile(Compiler.java:332)
		at org.apache.jasper.JspCompilationContext.compile(JspCompilationContext.java:592)
		at org.apache.jasper.servlet.JspServletWrapper.service(JspServletWrapper.java:376)
		at org.apache.jasper.servlet.JspServlet.serviceJspFile(JspServlet.java:357)
		at org.apache.jasper.servlet.JspServlet.service(JspServlet.java:308)
		at jakarta.servlet.http.HttpServlet.service(HttpServlet.java:658)
		at org.apache.catalina.core.ApplicationFilterChain.internalDoFilter(ApplicationFilterChain.java:195)
		at org.apache.catalina.core.ApplicationFilterChain.doFilter(ApplicationFilterChain.java:140)
		at org.apache.tomcat.websocket.server.WsFilter.doFilter(WsFilter.java:51)
		at org.apache.catalina.core.ApplicationFilterChain.internalDoFilter(ApplicationFilterChain.java:164)
		at org.apache.catalina.core.ApplicationFilterChain.doFilter(ApplicationFilterChain.java:140)
		at org.apache.catalina.core.ApplicationDispatcher.invoke(ApplicationDispatcher.java:612)
		at org.apache.catalina.core.ApplicationDispatcher.processRequest(ApplicationDispatcher.java:394)
		at org.apache.catalina.core.ApplicationDispatcher.doForward(ApplicationDispatcher.java:323)
		at org.apache.catalina.core.ApplicationDispatcher.forward(ApplicationDispatcher.java:268)
		at org.webapp.servlet.FormServlet.doPost(FormServlet.java:86)
		at jakarta.servlet.http.HttpServlet.service(HttpServlet.java:590)
		at jakarta.servlet.http.HttpServlet.service(HttpServlet.java:658)
		at org.apache.catalina.core.ApplicationFilterChain.internalDoFilter(ApplicationFilterChain.java:195)
		at org.apache.catalina.core.ApplicationFilterChain.doFilter(ApplicationFilterChain.java:140)
		at org.apache.tomcat.websocket.server.WsFilter.doFilter(WsFilter.java:51)
		at org.apache.catalina.core.ApplicationFilterChain.internalDoFilter(ApplicationFilterChain.java:164)
		at org.apache.catalina.core.ApplicationFilterChain.doFilter(ApplicationFilterChain.java:140)
		at org.apache.catalina.core.StandardWrapperValve.invoke(StandardWrapperValve.java:167)
		at org.apache.catalina.core.StandardContextValve.invoke(StandardContextValve.java:90)
		at org.apache.catalina.authenticator.AuthenticatorBase.invoke(AuthenticatorBase.java:483)
		at org.apache.catalina.core.StandardHostValve.invoke(StandardHostValve.java:116)
		at org.apache.catalina.valves.ErrorReportValve.invoke(ErrorReportValve.java:93)
		at org.apache.catalina.valves.AbstractAccessLogValve.invoke(AbstractAccessLogValve.java:666)
		at org.apache.catalina.core.StandardEngineValve.invoke(StandardEngineValve.java:74)
		at org.apache.catalina.connector.CoyoteAdapter.service(CoyoteAdapter.java:344)
		at org.apache.coyote.http11.Http11Processor.service(Http11Processor.java:398)
		at org.apache.coyote.AbstractProcessorLight.process(AbstractProcessorLight.java:63)
		at org.apache.coyote.AbstractProtocol$ConnectionHandler.process(AbstractProtocol.java:903)
		at org.apache.tomcat.util.net.NioEndpoint$SocketProcessor.doRun(NioEndpoint.java:1769)
		at org.apache.tomcat.util.net.SocketProcessorBase.run(SocketProcessorBase.java:52)
		at org.apache.tomcat.util.threads.ThreadPoolExecutor.runWorker(ThreadPoolExecutor.java:1189)
		at org.apache.tomcat.util.threads.ThreadPoolExecutor$Worker.run(ThreadPoolExecutor.java:658)
		at org.apache.tomcat.util.threads.TaskThread$WrappingRunnable.run(TaskThread.java:63)
		at java.base/java.lang.Thread.run(Thread.java:1575)
01-Jul-2025 19:53:06.148 SEVERE [http-nio-8080-exec-46] org.apache.catalina.core.ApplicationDispatcher.invoke Servlet.service() for servlet [jsp] threw exception
	org.apache.jasper.JasperException: Unable to compile class for JSP: 

An error occurred at line: [4] in the jsp file: [/index.jsp]
Type mismatch: cannot convert from Object to List<String>
1: <%@page contentType="text/html" pageEncoding="UTF-8"%>
2: <%@page import="java.util.List"%>
3: <%
4:     List<String> e = request.getAttribute("e");
5: %>
6: <!DOCTYPE html>
7: <html lang="en">


An error occurred at line: [246] in the generated java file: [C:\Users\Zago\Documents\Github Projects\JakartaEE\apache-tomcat-10.1.42\work\Catalina\localhost\webappform\org\apache\jsp\index_jsp.java]
Syntax error, insert "else Statement" to complete IfStatement

An error occurred at line: [246] in the generated java file: [C:\Users\Zago\Documents\Github Projects\JakartaEE\apache-tomcat-10.1.42\work\Catalina\localhost\webappform\org\apache\jsp\index_jsp.java]
Syntax error, insert "}" to complete Block

An error occurred at line: [263] in the generated java file: [C:\Users\Zago\Documents\Github Projects\JakartaEE\apache-tomcat-10.1.42\work\Catalina\localhost\webappform\org\apache\jsp\index_jsp.java]
Syntax error on token "}", delete this token

An error occurred at line: [264] in the generated java file: [C:\Users\Zago\Documents\Github Projects\JakartaEE\apache-tomcat-10.1.42\work\Catalina\localhost\webappform\org\apache\jsp\index_jsp.java]
Syntax error, insert "}" to complete ClassBody

Stacktrace:
		at org.apache.jasper.compiler.DefaultErrorHandler.javacError(DefaultErrorHandler.java:72)
		at org.apache.jasper.compiler.ErrorDispatcher.javacError(ErrorDispatcher.java:192)
		at org.apache.jasper.compiler.JDTCompiler.generateClass(JDTCompiler.java:555)
		at org.apache.jasper.compiler.Compiler.compile(Compiler.java:374)
		at org.apache.jasper.compiler.Compiler.compile(Compiler.java:346)
		at org.apache.jasper.compiler.Compiler.compile(Compiler.java:332)
		at org.apache.jasper.JspCompilationContext.compile(JspCompilationContext.java:592)
		at org.apache.jasper.servlet.JspServletWrapper.service(JspServletWrapper.java:376)
		at org.apache.jasper.servlet.JspServlet.serviceJspFile(JspServlet.java:357)
		at org.apache.jasper.servlet.JspServlet.service(JspServlet.java:308)
		at jakarta.servlet.http.HttpServlet.service(HttpServlet.java:658)
		at org.apache.catalina.core.ApplicationFilterChain.internalDoFilter(ApplicationFilterChain.java:195)
		at org.apache.catalina.core.ApplicationFilterChain.doFilter(ApplicationFilterChain.java:140)
		at org.apache.tomcat.websocket.server.WsFilter.doFilter(WsFilter.java:51)
		at org.apache.catalina.core.ApplicationFilterChain.internalDoFilter(ApplicationFilterChain.java:164)
		at org.apache.catalina.core.ApplicationFilterChain.doFilter(ApplicationFilterChain.java:140)
		at org.apache.catalina.core.ApplicationDispatcher.invoke(ApplicationDispatcher.java:612)
		at org.apache.catalina.core.ApplicationDispatcher.processRequest(ApplicationDispatcher.java:394)
		at org.apache.catalina.core.ApplicationDispatcher.doForward(ApplicationDispatcher.java:323)
		at org.apache.catalina.core.ApplicationDispatcher.forward(ApplicationDispatcher.java:268)
		at org.webapp.servlet.FormServlet.doPost(FormServlet.java:86)
		at jakarta.servlet.http.HttpServlet.service(HttpServlet.java:590)
		at jakarta.servlet.http.HttpServlet.service(HttpServlet.java:658)
		at org.apache.catalina.core.ApplicationFilterChain.internalDoFilter(ApplicationFilterChain.java:195)
		at org.apache.catalina.core.ApplicationFilterChain.doFilter(ApplicationFilterChain.java:140)
		at org.apache.tomcat.websocket.server.WsFilter.doFilter(WsFilter.java:51)
		at org.apache.catalina.core.ApplicationFilterChain.internalDoFilter(ApplicationFilterChain.java:164)
		at org.apache.catalina.core.ApplicationFilterChain.doFilter(ApplicationFilterChain.java:140)
		at org.apache.catalina.core.StandardWrapperValve.invoke(StandardWrapperValve.java:167)
		at org.apache.catalina.core.StandardContextValve.invoke(StandardContextValve.java:90)
		at org.apache.catalina.authenticator.AuthenticatorBase.invoke(AuthenticatorBase.java:483)
		at org.apache.catalina.core.StandardHostValve.invoke(StandardHostValve.java:116)
		at org.apache.catalina.valves.ErrorReportValve.invoke(ErrorReportValve.java:93)
		at org.apache.catalina.valves.AbstractAccessLogValve.invoke(AbstractAccessLogValve.java:666)
		at org.apache.catalina.core.StandardEngineValve.invoke(StandardEngineValve.java:74)
		at org.apache.catalina.connector.CoyoteAdapter.service(CoyoteAdapter.java:344)
		at org.apache.coyote.http11.Http11Processor.service(Http11Processor.java:398)
		at org.apache.coyote.AbstractProcessorLight.process(AbstractProcessorLight.java:63)
		at org.apache.coyote.AbstractProtocol$ConnectionHandler.process(AbstractProtocol.java:903)
		at org.apache.tomcat.util.net.NioEndpoint$SocketProcessor.doRun(NioEndpoint.java:1769)
		at org.apache.tomcat.util.net.SocketProcessorBase.run(SocketProcessorBase.java:52)
		at org.apache.tomcat.util.threads.ThreadPoolExecutor.runWorker(ThreadPoolExecutor.java:1189)
		at org.apache.tomcat.util.threads.ThreadPoolExecutor$Worker.run(ThreadPoolExecutor.java:658)
		at org.apache.tomcat.util.threads.TaskThread$WrappingRunnable.run(TaskThread.java:63)
		at java.base/java.lang.Thread.run(Thread.java:1575)
01-Jul-2025 19:53:06.148 SEVERE [http-nio-8080-exec-46] org.apache.catalina.core.StandardWrapperValve.invoke Servlet.service() for servlet [org.webapp.servlet.FormServlet] in context with path [/webappform] threw exception [Unable to compile class for JSP: 

An error occurred at line: [4] in the jsp file: [/index.jsp]
Type mismatch: cannot convert from Object to List<String>
1: <%@page contentType="text/html" pageEncoding="UTF-8"%>
2: <%@page import="java.util.List"%>
3: <%
4:     List<String> e = request.getAttribute("e");
5: %>
6: <!DOCTYPE html>
7: <html lang="en">


An error occurred at line: [246] in the generated java file: [C:\Users\Zago\Documents\Github Projects\JakartaEE\apache-tomcat-10.1.42\work\Catalina\localhost\webappform\org\apache\jsp\index_jsp.java]
Syntax error, insert "else Statement" to complete IfStatement

An error occurred at line: [246] in the generated java file: [C:\Users\Zago\Documents\Github Projects\JakartaEE\apache-tomcat-10.1.42\work\Catalina\localhost\webappform\org\apache\jsp\index_jsp.java]
Syntax error, insert "}" to complete Block

An error occurred at line: [263] in the generated java file: [C:\Users\Zago\Documents\Github Projects\JakartaEE\apache-tomcat-10.1.42\work\Catalina\localhost\webappform\org\apache\jsp\index_jsp.java]
Syntax error on token "}", delete this token

An error occurred at line: [264] in the generated java file: [C:\Users\Zago\Documents\Github Projects\JakartaEE\apache-tomcat-10.1.42\work\Catalina\localhost\webappform\org\apache\jsp\index_jsp.java]
Syntax error, insert "}" to complete ClassBody

Stacktrace:] with root cause
	org.apache.jasper.JasperException: Unable to compile class for JSP: 

An error occurred at line: [4] in the jsp file: [/index.jsp]
Type mismatch: cannot convert from Object to List<String>
1: <%@page contentType="text/html" pageEncoding="UTF-8"%>
2: <%@page import="java.util.List"%>
3: <%
4:     List<String> e = request.getAttribute("e");
5: %>
6: <!DOCTYPE html>
7: <html lang="en">


An error occurred at line: [246] in the generated java file: [C:\Users\Zago\Documents\Github Projects\JakartaEE\apache-tomcat-10.1.42\work\Catalina\localhost\webappform\org\apache\jsp\index_jsp.java]
Syntax error, insert "else Statement" to complete IfStatement

An error occurred at line: [246] in the generated java file: [C:\Users\Zago\Documents\Github Projects\JakartaEE\apache-tomcat-10.1.42\work\Catalina\localhost\webappform\org\apache\jsp\index_jsp.java]
Syntax error, insert "}" to complete Block

An error occurred at line: [263] in the generated java file: [C:\Users\Zago\Documents\Github Projects\JakartaEE\apache-tomcat-10.1.42\work\Catalina\localhost\webappform\org\apache\jsp\index_jsp.java]
Syntax error on token "}", delete this token

An error occurred at line: [264] in the generated java file: [C:\Users\Zago\Documents\Github Projects\JakartaEE\apache-tomcat-10.1.42\work\Catalina\localhost\webappform\org\apache\jsp\index_jsp.java]
Syntax error, insert "}" to complete ClassBody

Stacktrace:
		at org.apache.jasper.compiler.DefaultErrorHandler.javacError(DefaultErrorHandler.java:72)
		at org.apache.jasper.compiler.ErrorDispatcher.javacError(ErrorDispatcher.java:192)
		at org.apache.jasper.compiler.JDTCompiler.generateClass(JDTCompiler.java:555)
		at org.apache.jasper.compiler.Compiler.compile(Compiler.java:374)
		at org.apache.jasper.compiler.Compiler.compile(Compiler.java:346)
		at org.apache.jasper.compiler.Compiler.compile(Compiler.java:332)
		at org.apache.jasper.JspCompilationContext.compile(JspCompilationContext.java:592)
		at org.apache.jasper.servlet.JspServletWrapper.service(JspServletWrapper.java:376)
		at org.apache.jasper.servlet.JspServlet.serviceJspFile(JspServlet.java:357)
		at org.apache.jasper.servlet.JspServlet.service(JspServlet.java:308)
		at jakarta.servlet.http.HttpServlet.service(HttpServlet.java:658)
		at org.apache.catalina.core.ApplicationFilterChain.internalDoFilter(ApplicationFilterChain.java:195)
		at org.apache.catalina.core.ApplicationFilterChain.doFilter(ApplicationFilterChain.java:140)
		at org.apache.tomcat.websocket.server.WsFilter.doFilter(WsFilter.java:51)
		at org.apache.catalina.core.ApplicationFilterChain.internalDoFilter(ApplicationFilterChain.java:164)
		at org.apache.catalina.core.ApplicationFilterChain.doFilter(ApplicationFilterChain.java:140)
		at org.apache.catalina.core.ApplicationDispatcher.invoke(ApplicationDispatcher.java:612)
		at org.apache.catalina.core.ApplicationDispatcher.processRequest(ApplicationDispatcher.java:394)
		at org.apache.catalina.core.ApplicationDispatcher.doForward(ApplicationDispatcher.java:323)
		at org.apache.catalina.core.ApplicationDispatcher.forward(ApplicationDispatcher.java:268)
		at org.webapp.servlet.FormServlet.doPost(FormServlet.java:86)
		at jakarta.servlet.http.HttpServlet.service(HttpServlet.java:590)
		at jakarta.servlet.http.HttpServlet.service(HttpServlet.java:658)
		at org.apache.catalina.core.ApplicationFilterChain.internalDoFilter(ApplicationFilterChain.java:195)
		at org.apache.catalina.core.ApplicationFilterChain.doFilter(ApplicationFilterChain.java:140)
		at org.apache.tomcat.websocket.server.WsFilter.doFilter(WsFilter.java:51)
		at org.apache.catalina.core.ApplicationFilterChain.internalDoFilter(ApplicationFilterChain.java:164)
		at org.apache.catalina.core.ApplicationFilterChain.doFilter(ApplicationFilterChain.java:140)
		at org.apache.catalina.core.StandardWrapperValve.invoke(StandardWrapperValve.java:167)
		at org.apache.catalina.core.StandardContextValve.invoke(StandardContextValve.java:90)
		at org.apache.catalina.authenticator.AuthenticatorBase.invoke(AuthenticatorBase.java:483)
		at org.apache.catalina.core.StandardHostValve.invoke(StandardHostValve.java:116)
		at org.apache.catalina.valves.ErrorReportValve.invoke(ErrorReportValve.java:93)
		at org.apache.catalina.valves.AbstractAccessLogValve.invoke(AbstractAccessLogValve.java:666)
		at org.apache.catalina.core.StandardEngineValve.invoke(StandardEngineValve.java:74)
		at org.apache.catalina.connector.CoyoteAdapter.service(CoyoteAdapter.java:344)
		at org.apache.coyote.http11.Http11Processor.service(Http11Processor.java:398)
		at org.apache.coyote.AbstractProcessorLight.process(AbstractProcessorLight.java:63)
		at org.apache.coyote.AbstractProtocol$ConnectionHandler.process(AbstractProtocol.java:903)
		at org.apache.tomcat.util.net.NioEndpoint$SocketProcessor.doRun(NioEndpoint.java:1769)
		at org.apache.tomcat.util.net.SocketProcessorBase.run(SocketProcessorBase.java:52)
		at org.apache.tomcat.util.threads.ThreadPoolExecutor.runWorker(ThreadPoolExecutor.java:1189)
		at org.apache.tomcat.util.threads.ThreadPoolExecutor$Worker.run(ThreadPoolExecutor.java:658)
		at org.apache.tomcat.util.threads.TaskThread$WrappingRunnable.run(TaskThread.java:63)
		at java.base/java.lang.Thread.run(Thread.java:1575)
01-Jul-2025 19:54:37.232 SEVERE [http-nio-8080-exec-41] org.apache.catalina.core.ApplicationDispatcher.invoke Servlet.service() for servlet [jsp] threw exception
	org.apache.jasper.JasperException: Unable to compile class for JSP: 

An error occurred at line: [246] in the generated java file: [C:\Users\Zago\Documents\Github Projects\JakartaEE\apache-tomcat-10.1.42\work\Catalina\localhost\webappform\org\apache\jsp\index_jsp.java]
Syntax error, insert "else Statement" to complete IfStatement

An error occurred at line: [246] in the generated java file: [C:\Users\Zago\Documents\Github Projects\JakartaEE\apache-tomcat-10.1.42\work\Catalina\localhost\webappform\org\apache\jsp\index_jsp.java]
Syntax error, insert "}" to complete Block

An error occurred at line: [263] in the generated java file: [C:\Users\Zago\Documents\Github Projects\JakartaEE\apache-tomcat-10.1.42\work\Catalina\localhost\webappform\org\apache\jsp\index_jsp.java]
Syntax error on token "}", delete this token

An error occurred at line: [264] in the generated java file: [C:\Users\Zago\Documents\Github Projects\JakartaEE\apache-tomcat-10.1.42\work\Catalina\localhost\webappform\org\apache\jsp\index_jsp.java]
Syntax error, insert "}" to complete ClassBody

Stacktrace:
		at org.apache.jasper.compiler.DefaultErrorHandler.javacError(DefaultErrorHandler.java:72)
		at org.apache.jasper.compiler.ErrorDispatcher.javacError(ErrorDispatcher.java:192)
		at org.apache.jasper.compiler.JDTCompiler.generateClass(JDTCompiler.java:555)
		at org.apache.jasper.compiler.Compiler.compile(Compiler.java:374)
		at org.apache.jasper.compiler.Compiler.compile(Compiler.java:346)
		at org.apache.jasper.compiler.Compiler.compile(Compiler.java:332)
		at org.apache.jasper.JspCompilationContext.compile(JspCompilationContext.java:592)
		at org.apache.jasper.servlet.JspServletWrapper.service(JspServletWrapper.java:376)
		at org.apache.jasper.servlet.JspServlet.serviceJspFile(JspServlet.java:357)
		at org.apache.jasper.servlet.JspServlet.service(JspServlet.java:308)
		at jakarta.servlet.http.HttpServlet.service(HttpServlet.java:658)
		at org.apache.catalina.core.ApplicationFilterChain.internalDoFilter(ApplicationFilterChain.java:195)
		at org.apache.catalina.core.ApplicationFilterChain.doFilter(ApplicationFilterChain.java:140)
		at org.apache.tomcat.websocket.server.WsFilter.doFilter(WsFilter.java:51)
		at org.apache.catalina.core.ApplicationFilterChain.internalDoFilter(ApplicationFilterChain.java:164)
		at org.apache.catalina.core.ApplicationFilterChain.doFilter(ApplicationFilterChain.java:140)
		at org.apache.catalina.core.ApplicationDispatcher.invoke(ApplicationDispatcher.java:612)
		at org.apache.catalina.core.ApplicationDispatcher.processRequest(ApplicationDispatcher.java:394)
		at org.apache.catalina.core.ApplicationDispatcher.doForward(ApplicationDispatcher.java:323)
		at org.apache.catalina.core.ApplicationDispatcher.forward(ApplicationDispatcher.java:268)
		at org.webapp.servlet.FormServlet.doPost(FormServlet.java:86)
		at jakarta.servlet.http.HttpServlet.service(HttpServlet.java:590)
		at jakarta.servlet.http.HttpServlet.service(HttpServlet.java:658)
		at org.apache.catalina.core.ApplicationFilterChain.internalDoFilter(ApplicationFilterChain.java:195)
		at org.apache.catalina.core.ApplicationFilterChain.doFilter(ApplicationFilterChain.java:140)
		at org.apache.tomcat.websocket.server.WsFilter.doFilter(WsFilter.java:51)
		at org.apache.catalina.core.ApplicationFilterChain.internalDoFilter(ApplicationFilterChain.java:164)
		at org.apache.catalina.core.ApplicationFilterChain.doFilter(ApplicationFilterChain.java:140)
		at org.apache.catalina.core.StandardWrapperValve.invoke(StandardWrapperValve.java:167)
		at org.apache.catalina.core.StandardContextValve.invoke(StandardContextValve.java:90)
		at org.apache.catalina.authenticator.AuthenticatorBase.invoke(AuthenticatorBase.java:483)
		at org.apache.catalina.core.StandardHostValve.invoke(StandardHostValve.java:116)
		at org.apache.catalina.valves.ErrorReportValve.invoke(ErrorReportValve.java:93)
		at org.apache.catalina.valves.AbstractAccessLogValve.invoke(AbstractAccessLogValve.java:666)
		at org.apache.catalina.core.StandardEngineValve.invoke(StandardEngineValve.java:74)
		at org.apache.catalina.connector.CoyoteAdapter.service(CoyoteAdapter.java:344)
		at org.apache.coyote.http11.Http11Processor.service(Http11Processor.java:398)
		at org.apache.coyote.AbstractProcessorLight.process(AbstractProcessorLight.java:63)
		at org.apache.coyote.AbstractProtocol$ConnectionHandler.process(AbstractProtocol.java:903)
		at org.apache.tomcat.util.net.NioEndpoint$SocketProcessor.doRun(NioEndpoint.java:1769)
		at org.apache.tomcat.util.net.SocketProcessorBase.run(SocketProcessorBase.java:52)
		at org.apache.tomcat.util.threads.ThreadPoolExecutor.runWorker(ThreadPoolExecutor.java:1189)
		at org.apache.tomcat.util.threads.ThreadPoolExecutor$Worker.run(ThreadPoolExecutor.java:658)
		at org.apache.tomcat.util.threads.TaskThread$WrappingRunnable.run(TaskThread.java:63)
		at java.base/java.lang.Thread.run(Thread.java:1575)
01-Jul-2025 19:54:37.232 SEVERE [http-nio-8080-exec-41] org.apache.catalina.core.StandardWrapperValve.invoke Servlet.service() for servlet [org.webapp.servlet.FormServlet] in context with path [/webappform] threw exception [Unable to compile class for JSP: 

An error occurred at line: [246] in the generated java file: [C:\Users\Zago\Documents\Github Projects\JakartaEE\apache-tomcat-10.1.42\work\Catalina\localhost\webappform\org\apache\jsp\index_jsp.java]
Syntax error, insert "else Statement" to complete IfStatement

An error occurred at line: [246] in the generated java file: [C:\Users\Zago\Documents\Github Projects\JakartaEE\apache-tomcat-10.1.42\work\Catalina\localhost\webappform\org\apache\jsp\index_jsp.java]
Syntax error, insert "}" to complete Block

An error occurred at line: [263] in the generated java file: [C:\Users\Zago\Documents\Github Projects\JakartaEE\apache-tomcat-10.1.42\work\Catalina\localhost\webappform\org\apache\jsp\index_jsp.java]
Syntax error on token "}", delete this token

An error occurred at line: [264] in the generated java file: [C:\Users\Zago\Documents\Github Projects\JakartaEE\apache-tomcat-10.1.42\work\Catalina\localhost\webappform\org\apache\jsp\index_jsp.java]
Syntax error, insert "}" to complete ClassBody

Stacktrace:] with root cause
	org.apache.jasper.JasperException: Unable to compile class for JSP: 

An error occurred at line: [246] in the generated java file: [C:\Users\Zago\Documents\Github Projects\JakartaEE\apache-tomcat-10.1.42\work\Catalina\localhost\webappform\org\apache\jsp\index_jsp.java]
Syntax error, insert "else Statement" to complete IfStatement

An error occurred at line: [246] in the generated java file: [C:\Users\Zago\Documents\Github Projects\JakartaEE\apache-tomcat-10.1.42\work\Catalina\localhost\webappform\org\apache\jsp\index_jsp.java]
Syntax error, insert "}" to complete Block

An error occurred at line: [263] in the generated java file: [C:\Users\Zago\Documents\Github Projects\JakartaEE\apache-tomcat-10.1.42\work\Catalina\localhost\webappform\org\apache\jsp\index_jsp.java]
Syntax error on token "}", delete this token

An error occurred at line: [264] in the generated java file: [C:\Users\Zago\Documents\Github Projects\JakartaEE\apache-tomcat-10.1.42\work\Catalina\localhost\webappform\org\apache\jsp\index_jsp.java]
Syntax error, insert "}" to complete ClassBody

Stacktrace:
		at org.apache.jasper.compiler.DefaultErrorHandler.javacError(DefaultErrorHandler.java:72)
		at org.apache.jasper.compiler.ErrorDispatcher.javacError(ErrorDispatcher.java:192)
		at org.apache.jasper.compiler.JDTCompiler.generateClass(JDTCompiler.java:555)
		at org.apache.jasper.compiler.Compiler.compile(Compiler.java:374)
		at org.apache.jasper.compiler.Compiler.compile(Compiler.java:346)
		at org.apache.jasper.compiler.Compiler.compile(Compiler.java:332)
		at org.apache.jasper.JspCompilationContext.compile(JspCompilationContext.java:592)
		at org.apache.jasper.servlet.JspServletWrapper.service(JspServletWrapper.java:376)
		at org.apache.jasper.servlet.JspServlet.serviceJspFile(JspServlet.java:357)
		at org.apache.jasper.servlet.JspServlet.service(JspServlet.java:308)
		at jakarta.servlet.http.HttpServlet.service(HttpServlet.java:658)
		at org.apache.catalina.core.ApplicationFilterChain.internalDoFilter(ApplicationFilterChain.java:195)
		at org.apache.catalina.core.ApplicationFilterChain.doFilter(ApplicationFilterChain.java:140)
		at org.apache.tomcat.websocket.server.WsFilter.doFilter(WsFilter.java:51)
		at org.apache.catalina.core.ApplicationFilterChain.internalDoFilter(ApplicationFilterChain.java:164)
		at org.apache.catalina.core.ApplicationFilterChain.doFilter(ApplicationFilterChain.java:140)
		at org.apache.catalina.core.ApplicationDispatcher.invoke(ApplicationDispatcher.java:612)
		at org.apache.catalina.core.ApplicationDispatcher.processRequest(ApplicationDispatcher.java:394)
		at org.apache.catalina.core.ApplicationDispatcher.doForward(ApplicationDispatcher.java:323)
		at org.apache.catalina.core.ApplicationDispatcher.forward(ApplicationDispatcher.java:268)
		at org.webapp.servlet.FormServlet.doPost(FormServlet.java:86)
		at jakarta.servlet.http.HttpServlet.service(HttpServlet.java:590)
		at jakarta.servlet.http.HttpServlet.service(HttpServlet.java:658)
		at org.apache.catalina.core.ApplicationFilterChain.internalDoFilter(ApplicationFilterChain.java:195)
		at org.apache.catalina.core.ApplicationFilterChain.doFilter(ApplicationFilterChain.java:140)
		at org.apache.tomcat.websocket.server.WsFilter.doFilter(WsFilter.java:51)
		at org.apache.catalina.core.ApplicationFilterChain.internalDoFilter(ApplicationFilterChain.java:164)
		at org.apache.catalina.core.ApplicationFilterChain.doFilter(ApplicationFilterChain.java:140)
		at org.apache.catalina.core.StandardWrapperValve.invoke(StandardWrapperValve.java:167)
		at org.apache.catalina.core.StandardContextValve.invoke(StandardContextValve.java:90)
		at org.apache.catalina.authenticator.AuthenticatorBase.invoke(AuthenticatorBase.java:483)
		at org.apache.catalina.core.StandardHostValve.invoke(StandardHostValve.java:116)
		at org.apache.catalina.valves.ErrorReportValve.invoke(ErrorReportValve.java:93)
		at org.apache.catalina.valves.AbstractAccessLogValve.invoke(AbstractAccessLogValve.java:666)
		at org.apache.catalina.core.StandardEngineValve.invoke(StandardEngineValve.java:74)
		at org.apache.catalina.connector.CoyoteAdapter.service(CoyoteAdapter.java:344)
		at org.apache.coyote.http11.Http11Processor.service(Http11Processor.java:398)
		at org.apache.coyote.AbstractProcessorLight.process(AbstractProcessorLight.java:63)
		at org.apache.coyote.AbstractProtocol$ConnectionHandler.process(AbstractProtocol.java:903)
		at org.apache.tomcat.util.net.NioEndpoint$SocketProcessor.doRun(NioEndpoint.java:1769)
		at org.apache.tomcat.util.net.SocketProcessorBase.run(SocketProcessorBase.java:52)
		at org.apache.tomcat.util.threads.ThreadPoolExecutor.runWorker(ThreadPoolExecutor.java:1189)
		at org.apache.tomcat.util.threads.ThreadPoolExecutor$Worker.run(ThreadPoolExecutor.java:658)
		at org.apache.tomcat.util.threads.TaskThread$WrappingRunnable.run(TaskThread.java:63)
		at java.base/java.lang.Thread.run(Thread.java:1575)
