01-Jul-2025 11:00:02.737 INFO [http-nio-8080-exec-1] org.apache.catalina.core.ApplicationContext.log Manager: init: Associated with Deployer 'Catalina:type=Deployer,host=localhost'
01-Jul-2025 11:00:02.738 INFO [http-nio-8080-exec-1] org.apache.catalina.core.ApplicationContext.log Manager: init: Global resources are available
01-Jul-2025 11:00:02.741 INFO [http-nio-8080-exec-1] org.apache.catalina.core.ApplicationContext.log Manager: deploy: Deploying web application '/webapp'
01-Jul-2025 11:00:02.741 INFO [http-nio-8080-exec-1] org.apache.catalina.core.ApplicationContext.log Manager: Uploading WAR file to C:\Users\Zago\Documents\Github Projects\JakartaEE\apache-tomcat-10.1.42\webapps\webapp.war.tmp
01-Jul-2025 11:04:43.377 INFO [http-nio-8080-exec-7] org.apache.catalina.core.ApplicationContext.log Manager: deploy: Deploying web application '/webapp'
01-Jul-2025 11:04:43.377 INFO [http-nio-8080-exec-7] org.apache.catalina.core.ApplicationContext.log Manager: Uploading WAR file to C:\Users\Zago\Documents\Github Projects\JakartaEE\apache-tomcat-10.1.42\webapps\webapp.war.tmp
01-Jul-2025 11:04:55.153 INFO [http-nio-8080-exec-8] org.apache.catalina.core.ApplicationContext.log Manager: deploy: Deploying web application '/webapp'
01-Jul-2025 11:04:55.154 INFO [http-nio-8080-exec-8] org.apache.catalina.core.ApplicationContext.log Manager: Uploading WAR file to C:\Users\Zago\Documents\Github Projects\JakartaEE\apache-tomcat-10.1.42\webapps\webapp.war.tmp
01-Jul-2025 11:45:33.370 INFO [http-nio-8080-exec-15] org.apache.catalina.core.ApplicationContext.log Manager: deploy: Deploying web application '/webapp'
01-Jul-2025 11:45:33.371 INFO [http-nio-8080-exec-15] org.apache.catalina.core.ApplicationContext.log Manager: Uploading WAR file to C:\Users\Zago\Documents\Github Projects\JakartaEE\apache-tomcat-10.1.42\webapps\webapp.war.tmp
01-Jul-2025 11:46:37.416 INFO [http-nio-8080-exec-14] org.apache.catalina.core.ApplicationContext.log Manager: deploy: Deploying web application '/webapp'
01-Jul-2025 11:46:37.416 INFO [http-nio-8080-exec-14] org.apache.catalina.core.ApplicationContext.log Manager: Uploading WAR file to C:\Users\Zago\Documents\Github Projects\JakartaEE\apache-tomcat-10.1.42\webapps\webapp.war.tmp
01-Jul-2025 14:26:39.852 INFO [http-nio-8080-exec-31] org.apache.catalina.core.ApplicationContext.log Manager: deploy: Deploying web application '/webappform'
01-Jul-2025 14:26:39.853 INFO [http-nio-8080-exec-31] org.apache.catalina.core.ApplicationContext.log Manager: Uploading WAR file to C:\Users\Zago\Documents\Github Projects\JakartaEE\apache-tomcat-10.1.42\webapps\webappform.war.tmp
01-Jul-2025 14:36:42.541 INFO [http-nio-8080-exec-30] org.apache.catalina.core.ApplicationContext.log Manager: deploy: Deploying web application '/webappform'
01-Jul-2025 14:36:42.541 INFO [http-nio-8080-exec-30] org.apache.catalina.core.ApplicationContext.log Manager: Uploading WAR file to C:\Users\Zago\Documents\Github Projects\JakartaEE\apache-tomcat-10.1.42\webapps\webappform.war.tmp
01-Jul-2025 14:37:10.640 INFO [http-nio-8080-exec-38] org.apache.catalina.core.ApplicationContext.log Manager: deploy: Deploying web application '/webappform'
01-Jul-2025 14:37:10.640 INFO [http-nio-8080-exec-38] org.apache.catalina.core.ApplicationContext.log Manager: Uploading WAR file to C:\Users\Zago\Documents\Github Projects\JakartaEE\apache-tomcat-10.1.42\webapps\webappform.war.tmp
01-Jul-2025 14:38:09.921 INFO [http-nio-8080-exec-40] org.apache.catalina.core.ApplicationContext.log Manager: deploy: Deploying web application '/webappform'
01-Jul-2025 14:38:09.921 INFO [http-nio-8080-exec-40] org.apache.catalina.core.ApplicationContext.log Manager: Uploading WAR file to C:\Users\Zago\Documents\Github Projects\JakartaEE\apache-tomcat-10.1.42\webapps\webappform.war.tmp
01-Jul-2025 14:38:50.516 INFO [http-nio-8080-exec-29] org.apache.catalina.core.ApplicationContext.log Manager: deploy: Deploying web application '/webappform'
01-Jul-2025 14:38:50.516 INFO [http-nio-8080-exec-29] org.apache.catalina.core.ApplicationContext.log Manager: Uploading WAR file to C:\Users\Zago\Documents\Github Projects\JakartaEE\apache-tomcat-10.1.42\webapps\webappform.war.tmp
01-Jul-2025 14:40:04.244 INFO [http-nio-8080-exec-48] org.apache.catalina.core.ApplicationContext.log Manager: deploy: Deploying web application '/webappform'
01-Jul-2025 14:40:04.244 INFO [http-nio-8080-exec-48] org.apache.catalina.core.ApplicationContext.log Manager: Uploading WAR file to C:\Users\Zago\Documents\Github Projects\JakartaEE\apache-tomcat-10.1.42\webapps\webappform.war.tmp
01-Jul-2025 15:04:51.406 INFO [http-nio-8080-exec-56] org.apache.catalina.core.ApplicationContext.log Manager: deploy: Deploying web application '/webappform'
01-Jul-2025 15:04:51.406 INFO [http-nio-8080-exec-56] org.apache.catalina.core.ApplicationContext.log Manager: Uploading WAR file to C:\Users\Zago\Documents\Github Projects\JakartaEE\apache-tomcat-10.1.42\webapps\webappform.war.tmp
01-Jul-2025 15:11:34.750 INFO [http-nio-8080-exec-66] org.apache.catalina.core.ApplicationContext.log Manager: deploy: Deploying web application '/webappform'
01-Jul-2025 15:11:34.750 INFO [http-nio-8080-exec-66] org.apache.catalina.core.ApplicationContext.log Manager: Uploading WAR file to C:\Users\Zago\Documents\Github Projects\JakartaEE\apache-tomcat-10.1.42\webapps\webappform.war.tmp
01-Jul-2025 15:14:28.905 INFO [http-nio-8080-exec-76] org.apache.catalina.core.ApplicationContext.log Manager: deploy: Deploying web application '/webappform'
01-Jul-2025 15:14:28.905 INFO [http-nio-8080-exec-76] org.apache.catalina.core.ApplicationContext.log Manager: Uploading WAR file to C:\Users\Zago\Documents\Github Projects\JakartaEE\apache-tomcat-10.1.42\webapps\webappform.war.tmp
01-Jul-2025 19:13:52.772 INFO [http-nio-8080-exec-6] org.apache.catalina.core.ApplicationContext.log Manager: init: Associated with Deployer 'Catalina:type=Deployer,host=localhost'
01-Jul-2025 19:13:52.772 INFO [http-nio-8080-exec-6] org.apache.catalina.core.ApplicationContext.log Manager: init: Global resources are available
01-Jul-2025 19:13:52.774 INFO [http-nio-8080-exec-6] org.apache.catalina.core.ApplicationContext.log Manager: deploy: Deploying web application '/webappform'
01-Jul-2025 19:13:52.774 INFO [http-nio-8080-exec-6] org.apache.catalina.core.ApplicationContext.log Manager: Uploading WAR file to C:\Users\Zago\Documents\Github Projects\JakartaEE\apache-tomcat-10.1.42\webapps\webappform.war.tmp
01-Jul-2025 19:22:02.277 INFO [http-nio-8080-exec-11] org.apache.catalina.core.ApplicationContext.log Manager: deploy: Deploying web application '/webappform'
01-Jul-2025 19:22:02.277 INFO [http-nio-8080-exec-11] org.apache.catalina.core.ApplicationContext.log Manager: Uploading WAR file to C:\Users\Zago\Documents\Github Projects\JakartaEE\apache-tomcat-10.1.42\webapps\webappform.war.tmp
01-Jul-2025 19:22:47.342 INFO [http-nio-8080-exec-18] org.apache.catalina.core.ApplicationContext.log Manager: deploy: Deploying web application '/webappform'
01-Jul-2025 19:22:47.342 INFO [http-nio-8080-exec-18] org.apache.catalina.core.ApplicationContext.log Manager: Uploading WAR file to C:\Users\Zago\Documents\Github Projects\JakartaEE\apache-tomcat-10.1.42\webapps\webappform.war.tmp
01-Jul-2025 19:23:08.498 INFO [http-nio-8080-exec-22] org.apache.catalina.core.ApplicationContext.log Manager: deploy: Deploying web application '/webappform'
01-Jul-2025 19:23:08.498 INFO [http-nio-8080-exec-22] org.apache.catalina.core.ApplicationContext.log Manager: Uploading WAR file to C:\Users\Zago\Documents\Github Projects\JakartaEE\apache-tomcat-10.1.42\webapps\webappform.war.tmp
01-Jul-2025 19:24:13.820 INFO [http-nio-8080-exec-30] org.apache.catalina.core.ApplicationContext.log Manager: deploy: Deploying web application '/webappform'
01-Jul-2025 19:24:13.820 INFO [http-nio-8080-exec-30] org.apache.catalina.core.ApplicationContext.log Manager: Uploading WAR file to C:\Users\Zago\Documents\Github Projects\JakartaEE\apache-tomcat-10.1.42\webapps\webappform.war.tmp
01-Jul-2025 19:52:03.168 INFO [http-nio-8080-exec-38] org.apache.catalina.core.ApplicationContext.log Manager: deploy: Deploying web application '/webappform'
01-Jul-2025 19:52:03.168 INFO [http-nio-8080-exec-38] org.apache.catalina.core.ApplicationContext.log Manager: Uploading WAR file to C:\Users\Zago\Documents\Github Projects\JakartaEE\apache-tomcat-10.1.42\webapps\webappform.war.tmp
01-Jul-2025 19:53:00.358 INFO [http-nio-8080-exec-35] org.apache.catalina.core.ApplicationContext.log Manager: deploy: Deploying web application '/webappform'
01-Jul-2025 19:53:00.358 INFO [http-nio-8080-exec-35] org.apache.catalina.core.ApplicationContext.log Manager: Uploading WAR file to C:\Users\Zago\Documents\Github Projects\JakartaEE\apache-tomcat-10.1.42\webapps\webappform.war.tmp
01-Jul-2025 19:54:33.807 INFO [http-nio-8080-exec-48] org.apache.catalina.core.ApplicationContext.log Manager: deploy: Deploying web application '/webappform'
01-Jul-2025 19:54:33.807 INFO [http-nio-8080-exec-48] org.apache.catalina.core.ApplicationContext.log Manager: Uploading WAR file to C:\Users\Zago\Documents\Github Projects\JakartaEE\apache-tomcat-10.1.42\webapps\webappform.war.tmp
01-Jul-2025 19:55:22.840 INFO [http-nio-8080-exec-51] org.apache.catalina.core.ApplicationContext.log Manager: deploy: Deploying web application '/webappform'
01-Jul-2025 19:55:22.840 INFO [http-nio-8080-exec-51] org.apache.catalina.core.ApplicationContext.log Manager: Uploading WAR file to C:\Users\Zago\Documents\Github Projects\JakartaEE\apache-tomcat-10.1.42\webapps\webappform.war.tmp
01-Jul-2025 19:56:45.586 INFO [http-nio-8080-exec-59] org.apache.catalina.core.ApplicationContext.log Manager: deploy: Deploying web application '/webappform'
01-Jul-2025 19:56:45.586 INFO [http-nio-8080-exec-59] org.apache.catalina.core.ApplicationContext.log Manager: Uploading WAR file to C:\Users\Zago\Documents\Github Projects\JakartaEE\apache-tomcat-10.1.42\webapps\webappform.war.tmp
01-Jul-2025 19:58:28.447 INFO [http-nio-8080-exec-64] org.apache.catalina.core.ApplicationContext.log Manager: deploy: Deploying web application '/webappform'
01-Jul-2025 19:58:28.447 INFO [http-nio-8080-exec-64] org.apache.catalina.core.ApplicationContext.log Manager: Uploading WAR file to C:\Users\Zago\Documents\Github Projects\JakartaEE\apache-tomcat-10.1.42\webapps\webappform.war.tmp
